21:34:40.947 [main] DEBUG org.apache.hc.client5.http.impl.Wire.wire(Wire.java:92)oggger - http-outgoing-2 << "[0xfffffffa][0xffffffae][0xffffffd8]ueK[0xffffffc7]U~[0xffffffbf][0xffffff95][0xffffffdf]m[0xffffffc5][0xffffffef]O[0xffffff82]^[0xffffffc6][0xffffff96][0xfffffff4][0xffffffbf][0xffffffbb][0xffffffd2][0x1][0xffffffcf][0xffffffbd]`[0x7]#[0xfffffffb][0x17][0xffffffc3][0xffffffdd][0xffffff8b][0xffffffab]7[0xffffffba]s[0xffffffb1]![0xffffffee][0xffffff82]{1[0xffffff93][0x1e][0x17][0xffffffbf]_1[0xffffffe8]Vd[0xffffffaf][0xffffffa2][0xffffffd6]l_[0xffffffdf][0xffffffb8][0x17]#[0xffffffe9]__}[0xffffffa3]L[0xffffffcb][0xffffffe8][0xffffff84][0xfffffffa][0x13][0x1b]^f[0x11][0xffffffcd]+[0xffffffb8][0x13][0xffffffad][0xffffffd0]N[0xffffffb0][0x1f][0xffffff91][0xffffffee][0xffffff85][0xffffffbd][0xffffff88][0xffffffdc][0x7][0xfffffff6]!J[0xffffffc5][0x10][0xffffffbb][0xffffffc0]N9[0xffffffbd][0x7]#[0xffffffe9][0xffffff91][0xb]:[0xffffffe4]Z[0xffffffd2][0xffffffaf][0xffffffef]z[0xffffffbd]qAg[0xffffff9c][0xffffffbf][0x7][0x13][0xffffffaf]#.[0xffffffe8][0xffffff87][0xffffffeb]y[0xffffffbd]p[0xffffffc1][0xe][0xffffffd4]"{0[0xffffff93][0xe]8[0xfffffff6][0xffffffbf]q[0xf][0xfffffff2]z[0xffffffdf][0xffffffd8][0xfffffff9][0xffffffc6]}[0xffffffd0][0xffffffbb][0xffffffc0]=[0xffffffa8]I[0xfffffffd][0xffffffb2][0x17]Y[0x7f][0xffffffbd][0xfffffffa]A[0x17]){H[0xffffffcd][0xffffffc8][0xfffffffa]s[0xfffffff5][0x17][0xffffffb2][0xfffffffa]Q$[0xffffffcc][0xffffffa4][[0xffffff94]k[0x1f][0xffffffa0]@[0xffffffaf][0xffffffbc][0xfffffff6]J[0xfffffffe][0xffffffba][0xffffffab][0xffffffb2]%[0xffffffb3][0xffffffd5][0xffffffd2]*[0xfffffffb][0xfffffff1][0xffffffda]y[0xffffffb4]^[0x1e][0xffffffcd][0xfffffff6][0xffffff99][0xffffffa3][0xfffffff5]$[0x1f][0xffffff9f][0xffffffcb]4[0xffffff83][0xffffffea]0/[0xffffff9b]:[0xffffffc6]WN4H[0xffffff96][0xfffffff1]KC[0x7f][0xffffffd7]B'[0xffffffcc]3[\n]"
21:34:40.948 [main] DEBUG org.apache.hc.client5.http.impl.Wire.wire(Wire.java:92)oggger - http-outgoing-2 << "[0xffffffbe][0x3][0xffffff9f][0xffffff9e]'[0x12][0xffffff95]M[0x17][K[0xffffffce] [0xffffff86][0x12]+s9q[0xffffffe0]Y[0x3]O[0x19]x[0xffffffbe][0xffffffc0][0xffffffac][0xffffff86][0xfffffff9][0xffffff8c][0xfffffff8]9h[0x14][0xfffffff3][0x17][0xffffff9e][0x1d][0xfffffff4]%f[0xffffffc6]rR[0xffffffc0]w[0xffffffae][0x8]76[0xffffffe5]<[0xffffff80]5s[0xffffff9e][0x4][0xffffffd2][0x17][0xffffffb3]VR[0x17]~[0xffffffec][0xffffff8a][dM[0xffffffc4][0xffffffef][0x1c][0xffffffaf][\n]"
21:34:40.948 [main] DEBUG org.apache.hc.client5.http.impl.Wire.wire(Wire.java:92)oggger - http-outgoing-2 << "v[0xffffffdb][0xffffff92][0xfffffff9]2[0xfffffff3]a[0xffffffb6][0xffffffcb]<[0xffffffb7][0xffffffe2][0xfffffff5][0xffffffa6]v%v[0xffffff86][0xffffff92][0xffffffcb]2[0xffffff8b][0xffffffb5][0xffffff84]+[0xffffffeb][0xffffff92][0xffffffb3][0xffffffd2]3[0xffffffce][0x5][0xffffffbd]%YG[0xffffffae]`W[0xffffffe2]f([0xffffff99]!=[0xffffffb4]%[0xffffff91]S[0xffffff97],[0xffffff93][0xfffffff9][0xffffffe5]X[0xffffff98]t[0xfffffff9][0xffffffaa]$[0xffffffd1]S[0xffffff95]\[0xffffff91][0xffffff99][0xffffffa0]Li[0xffffff90][0xffffffaf]Q[0xfffffff5]W[0x11]<[0xffffffc7]f}[0xffffff9e]gV[0x3][0xffffffc4][0xffffffcb]T\[0xffffffb6][0xfffffff9]V[0xffffffd5],[0xfffffff9]./[0xffffffaf][0xffffffff]7[0xffffffda][0xfffffffd]K[0xffffffce]K[0xffffff9e][0xffffff94][0xffffffd4][0xffffffe4][[0x19][0xffffffcb]xv[[0xffffffa9][0xffffffdd][0xffffffce]~N[0xfffffffd][0xffffffe4][0xffffffe7]|[0xfffffffe][0xfffffffb][0xfffffff1][0xffffff9c][0xffffffff]~[0x4]= =[0xffffffcb][0xfffffff8][0xffffffc3][0xffffffd6][0x1a][0xffffffc3]q[0xffffffcf][0xffffff80][0xfffffff5]w[0xfffffff9][0x13][0xffffffe1][0x1c][0xffffff99][0x7][0xfffffff3][0xffffff96]9[0xc][0xffffffdf]8[0xfffffff6]l[0xffffff8e][0xffffffb5][0xffffff99][0xf][0xffffffb4][0xffffffaf]Z[0xffffffa8][0xffffff91]%[0xffffffb9]t[0x14][0xffffffb5][0xfffffffc][0x1b][0xffffff96][0xffffffcc]WIGc^[0xffffffdc][0xfffffff1][0xffffff81][0x1e][0xffffffc9][0xffffff9f][0xffffffcd]F`[0xffffffd6]^2G~$[0xfffffff5][0xffffff98][0xffffffac]HU[0xffffffe5]GR[0xffffff9b]+[0x12][0xffffffcd][0xffffffca]~$u[0xffffff8c][0xffffffec][0xffffffef]/[0xffffffd2]8[0xffffff80]E[0xffffffc6]G[0xfffffff2][0xffffff8d]R[0xffffff98]M}&[\r]X[0xffffffd4][0xffffffe7][0x11][0xfffffffe][0xffffffc0]#=[0xffffffab]![0xffffff82]s[0xffffffe6][0xffffff93][0xffffffe4][0xfffffff8]GR[0xffffff93][0xffffffa8]?[0x9]3[0xffffffb6]fg*[0xffffffe7][0xffffffbe][0xffffffdf][0x1b][0xffffff8c]e[0xffffff82][0xffffff8e][0xffffffc2][0xffffffca][0xffffffda]X[0xffffffd1][0x16][0xffffffde][0xffffffc3][0xffffffc1][0xfffffff3][0xffffffd3]][0xffffffac][0xffffff90][0xffffffa7]eW[0xffffffff][0xffffff9c][0x8][0xffffffd7]0[0xffffffbe][0x1f][0xffffffe9]o~[0x10]w[0x13][0xffffffe9]_/AG[0xffffffc8][0xfffffff7][0xffffff9a][0xffffff95]z[0xffffffd4])G[0xffffffef][0x9][0xfffffff3][0xffffffdc]p[0xffffffae][0xffffffe8]}q[0xffffff85][0xfffffff8][0xffffffd3][0xffffffff]|[0xfffffff9][0xffffffa2][0xffffffcb][0xffffffa9]t[0xffffffa1][0xfffffff9]P[0xffffff96][0xffffffae]U[0xffffff8e][0x1e][0xffffffc9]w[0xffffffae]my??[0x1b]=0+[0xffffff9f]<[0xffffff92][0xffffffba]+s[0xfffffff2]0[0x1a]K[0xffffffc0][0x17][0xffffffd6][0x1a]*[0xffffffba]|[0x12][0xffffffff][0xfffffff6][0xffffffc6]|[0xffffffca][0xffffffac][0xffffffb9]"[0xffffffab]I[\r][0xffffffa1]f0B[0x19][0xffffff93][0x3]q[0xffffffa8][0xffffffe1],Wg[0xffffffb5][0xffffffbd][0xffffff97]a&$ [0xfffffff4]^[0xffffff87]{06=[0xfffffff0][0xffffff8b]G[0xffffffde],[0xffffffaa][0xffffffb0][0x16][0x11][0x8][0xffffff8f][0xffffffe4][0xffffffbb][\n]"
21:34:40.948 [main] DEBUG org.apache.hc.client5.http.impl.Wire.wire(Wire.java:106)oggger - http-outgoing-2 << "[0x1f][0xfffffff5][0xffffffad][0xffffff88][0xffffffda]W[0xffffff9e]j5[0xffffffd5]J[0xffffffea][0xffffffab][0xffffff9c][0xfffffffe][0x1e][0xffffffd2][0x15].[0xffffffe6][0xffffffef][0xffffffd7]$[0xffffffeb]mI[0xffffffc6][0xffffff8b]l[0xffffffd7]c[0xffffff80]/d][0xffffffc3],[0xffffffa4]9F[0xffffffff][0xffffffce][0x8][0xffffffff][0xfffffff5][0xffffffc5][0x13]~[0xffffff83][0xffffffd0][0xffffffc7][0xfffffffb][0xffffff8f][0xffffff9f][0xffffff96]$&[0xffffffa8][[0xffffff8b]a[0xffffffe3]e[0xffffffc5]cs[0xffffffcd][0xffffffe3]z[0xffffff95][0xffffff99]_|![0xffffffe7].m[0xfffffffc][0xffffffb7][0x6][0xc][0xffffffdc][0xfffffff2][0x17]23%[0xffffffff]K[0xffffff99]6[0xfffffff6][0xffffff94][0xffffffdd][0x6]e<}C[0xffffffce]c[0x6]2[0xffffffe5]i![0xffffff9d][0x11][0x15]9[0xffffff95][0xffffffe9]\[0xffffffc8][0xffffffdc]&[0xfffffffb][0xb]Y#VOt[0xffffffdd][0xffffff84][0x15][0xffffff93][0xfffffff1][0x13][0xffffffd5][0xffffffd1][0xffffffbf][0xffffffeb][0xffffffb3][0xffffffb3][0xffffffaa][0xfffffffd][0xffffff9b]p[[0xffffffa0][0xffffffb2]Q[0xffffff85]][\r][0xffffffe3][0xffffffca][0x1a]VUo:[0xffffff98][0xfffffff3][0xffffffa5][0xffffffc1];[0xffffff95][0xffffffa3][0xffffffce]'[0xffffffcd][0xffffffa7]$]J[0xffffffe7]9[0xffffffbf]L[0xffffffed][0xffffff83]I[0xffffffa6][0xffffffd0]B[0xffffffbf][0xffffff8b][0xffffff84]+5A.[0xffffffd1][0xffffff82]Z[0xffffff95]$w[0xffffffab][0x8][0xffffff93]5$[0xffffff8a];[0xffffffc2]a[0x3][0xffffffef][0xffffffdb][0xffffffe3] [0xffffff87][0xfffffff3][0xffffffb5][0xffffff86][0x19][0xffffffb5]r[0xffffffbf]4x[0xffffff87]g[0xffffffcb]-c[0xfffffff7]w[0xfffffffb]B[0xffffffec]2[0xfffffffd][0x19][0x19][0xffffffa7][0xc]n1[0xffffffc1][0xffffff87][0xffffffab][0xb][0xffffffc6][0xffffffc7][0xffffffe4]e[0x3]j[0x2][0xfffffffc]C[0xffffffdd]k@[0xffffffba][0xb]e[0xffffffe5][0xfffffffc][0xffffffa4][0x16][0xffffffde][0xffffffc3][0xffffff9b][0xffffff9d]4[0xfffffffa][0xffffffd2][0xfffffff8][0x1d]C[0x4][0xffffffb1][0xffffffe7]B[0xffffffed][0xfffffff4][0xffffffcc]$NLZ<1[0xfffffff1]^[0xffffff9c][0xffffff91][0xffffffd4][0xffffff82][0xffffffbf][0xffffffe4][0xffffff94][0xffffffa8][0x16]~WaU][0xfffffff0][0x1a]'B-[0xfffffff0]K[\r][0xffffff99]U[0xffffffc3][0xfffffffa][0xffffffaf][0x9]W[0xffffffd4][0xffffffc3]/*8[0xffffff9c][0x11]T[0xffffffa4][0xffffff81][0xffffffdf]][0xffffffbd].[0xffffffc3][p[0xffffffaa]S[0x19][0xffffff9e][0xffffffc1]a-[0x1e]+[0xffffffdd][0xffffffc3][0xffffffda]F[0xffffff9e]b[0xfffffff2][0xffffffa5][0xffffffcc]"
21:34:40.948 [main] DEBUG org.apache.hc.client5.http.impl.Wire.wire(Wire.java:92)oggger - http-outgoing-2 << "[0xffffffa6]*KMB[0xffffffd7][0xffffffe3]fn[0xffffffed][0xffffffa4]+p[0xffffffbe]jNE[0xffffffb3][0xffffffb5]Kc[0xffffffe5][0xffffffcb]Wl[0xffffffaa][0xffffffd8][0xffffff92][0xffffffbc][0xffffffdb]{,u,[0xffffffed][0xffffffb2][0xffffffc2]n[0xffffffaa][0x1][0xffffffff]4[0x10][0xffffffcf][0xffffffa4]+:[0xffffff8c][0xffffffc2][0x6]bn[0xfffffff4][0xffffff8d]r[0x1e][0x1b][0xffffffdf][0xffffff92][0xffffff92]]09[0xffffff9e][0xffffff96]+[0xffffffef][0xffffffc8]l[0xffffffae]2p[0xffffffea][0xffffffc8]T[0xffffffae]20[0xffffffca][0xffffff89]\[0xffffffdc][0x3]N[0xffffffe3][0x1a][0xffffffc1][0xffffffef][0xffffff9a][0xffffffe0][0x6]N[0xffffffe1]Z`/j2[0x7f]k[0xfffffff5][0xffffffb2],[0xffffffe7]i[0xffffff8e]T[0xffffffe9][0xffffffe8]/[0xffffffe8]-[0xffffffb4][0xffffff8f]ly:Kl[0xffffff94][0x5][0x1b][0xffffffba]&[0xffffffa7][0xffffffbb][0xffffffff]t%[0xffffffae]![0xffffffa7](|[0xffffffca][0xffffffb5][0xffffff87][0xffffff95][0xffffffbc][0xffffffef]2[0x1d][0xffffffa9]3y[0xfffffff5]V[0xfffffff7][0xffffffb1]|[0xffffffcf][0x1c][0xffffffae][0xffffffb7][0xffffffd2]K[0xffffff95][0xffffff84][0xffffffdb]tu5[0xffffff88][0xffffffb2][0xffffff8e]L[0xffffffcc]Q2[0xffffff97][0xffffffcc][0x5]2[0xffffffca][0xffffffde][0x1b]s[0x16]Y[0x7]q[0xffffffbd]zn#[0xffffffde]F[0xffffffc8][0x7]ly[0xffffffd7][0xffffffd5][0xffffff85]-1[0xffffffc7][0xffffffb9]H-[0xffffffe8][0xffffffe1][0xffffffc4]{[0xffffffd3][0xffffff9e]D[0xffffff9e][0x9]W[0xffffffa1]g0[0xffffffd5]6[0xffffffd1][0xffffffd7][0xffffffc2]{[0xffffffcc][0xffffff90][0xfffffffb]q[0xffffff92]X[0x2][0x5][0xffffffa3][0xffffffc7]F[0xffffffc3][0xffffffe0][0xffffffbc][0xffffff85][0x16][0xfffffffc][0x1f]1@[0x4]pb[0x18][0xffffffcf][0xffffff8a][0xfffffff8]d&[0xfffffff0][0xffffffdb][0x3]rM [0xffffffd3][0x1][\n]"
21:34:40.948 [main] DEBUG org.apache.hc.client5.http.impl.Wire.wire(Wire.java:92)oggger - http-outgoing-2 << "L[0xffffff99][0xffffff90]6[0xffffff81][0xffffffb2][0xffffffd7][0xffffffb0][0xb][0x13][0xffffffc1][0xffffff81]#[0xffffffd3][0xffffffd0]l[0xffffffc9]i[0xfffffff5][0xe][0xffffffd4][0xffffffbd]s:[0xffffffad][0xffffffd7]c[0xffffffa9]G[0xffffffe9]9*%[0xffffffaf][0xfffffff3][0xffffffad][0xffffffea][0xffffff9d][0xffffffda][0xfffffff5][0xffffffbc][0x1d][0x1a][0xffffffc9][0xffffffd9][0xffffff9d]>/-[0xffffff89][0xb][0xffffffac][0xffffff88]GjH5[0xffffffb5][0xfffffff3][0xffffffda]W[0xffffff94][0xffffff91]TT[0x17]RQU[0xffffffe2][0xffffffee]+[0xffffffe2][0x7][0xffffffb5][0xffffffbe][0xffffffe8][0xffffffb3][0xffffffbd][0xffffffa1]x[0xfffffff9][0xffffff99][0xffffffd4]UW[0x12]w[0xffffff96]T[0xffffffaf][0xffffffaa][0xffffffe2][0xffffffdf][0xfffffff5]Y[0xffffff9f][0x1f][0x7f]S[0xfffffff1][0xffffffeb][0xffffffab][0xffffffcd].[0xffffffa7]3[0xffffffe2]H[0xffffffb4]}&[0xffffffce]|-[0xffffffcc]X[0x11]n[0xffffffa4][0xffffffbe]w[0xffffffe4]kN[0xfffffffd][0xffffff95][0xffffffb8][0xffffff9a]<6~[0xffffffea][0xfffffff5]\ZR[0xffffffe1][0xffffffe2][0xfffffffe][0xffffffb7][0xffffffe4]+<:[0xffffffeb][0xffffffb0][0xffffffa3][0xffffff8e];[0xffffffe9][0xffffffb0][0xffffff87][0xffffff8e][0xffffffe7][0xffffffd0][0xffffffe1][0xffffffce][0xffffffc9]x[0xffffffde][0x1c][0xffffffce][0xffffff98][0xffffffe3][0xffffff99]r[0xffffffcd][0xffffff9b]M[0xffffffe1]g[0xffffffa9][0xffffffd3][0xffffffd0][0xffffffd4][0x7][0xffffffdf][\r]S[0xffffffb3]Y[0xffffff89]PP[0xffffffa3]:4[0xffffffc8][0x1]z[0xffffffe6][0xffffffc8][0xffffffde]Xyh[0xffffffc3])[0xffffffb3]^[0xffffffb5]~eI[0xffffffad][0xffffff8a][0xffffff8a]2CtY[0xffffffc0]LKf.[0xffffff8d][0xffffff90]3[0xffffffb1]>[0xffffffa5][0xffffffcf][0xfffffff6]X[0x1b][0xffffff9c][0xffffffc2][0xfffffff5][0xffffff9b]@KSf/M[0xffffffb0]b%[0xffffffa9]Hu[0xffffffe1][0xffffff81]d[0xffffff8a][0xffffffc5][0xffffffec][0xffffffb1]|[0xffffffa3]\[0x2]:X[0xffffffff]cUg![0xffffffeb][0xffffffc1][0xfffffff9]E[0xe][0xfffffff8]n.[0x15][0xffffff9c]:8[0xffffff8e][0xffffffb5][0xffffffbe][0xffffffb9][0xffffffbc]WM*6[0xffffffac][0xfffffff1]q"GM[0xffffffa6]0qV[0xffffffe2][0xffffffea][0xffffff99][0x5][0xffffffc6]j[0xffffffc9]$[0xffffffb6][0xffffffa9]Te[0xffffffaa]2[0xffffff8d][0xffffffc9][0xffffff95][0xffffff89][0x1b]&[0xfffffffc]%[0xffffffab]0~O[0xffffff81][0xffffffce][0xffffff8b]K^6[0xffffffdc][0xfffffff0][0xffffffd4]y[0xffffffb0][0xffffffe9][0x16][0xffffffa0]*W$[0xffffffc7][0xffffffed][0xffffff88][\n]"
21:34:40.948 [main] DEBUG org.apache.hc.client5.http.impl.Wire.wire(Wire.java:92)oggger - http-outgoing-2 << "[0xffffff8f][0xffffffa5][0xffffff82][0xffffffa7][0xffffffa4][0xfffffff2]_[0xffffff97]/V[0x1d]0[0xffffffdf][0x1c]\R[0xffffff86]{oK[\r]{[0xffffff8e]H,[0xffffffcb][0xfffffff4][0xffffffa6][0xffffffbe]T[0xffffffae][0xffffffd7]o,[0xffffff89][0xffffffb4][0xffffffb6]0[0xffffffc8]H"l[0xffffffed][0xffffffd5][0xffffffac][0x19]U}[0xffffffaf]b[0xffffffcd]H[0xffffffb2][0xffffffa4]^[0xffffffdd][0xffffff87]7[0xffffff9c]iMZ<[0xfffffff6][0xfffffffa][0xffffff99][0xfffffff2][0xffffffb2]5?[0xffffff8e][0xffffffa2]y[0xffffffd9][0xffffffd5]}[0xffffffc1][0xffffffed][0xffffffab]EE[0xffffffbc][0xffffff86][0xffffffae][0xffffff86][0xffffffb0][0xfffffffa][0xffffffb1][0xfffffff4][0xffffffa6][0xffffff89]0[0xffffffa6]X[0xffffffdb][0x18][0xffffff8b][0xffffff87]\[0xffffffbc][0xffffffb0][0xffffffc5][0xffffffa3][0xfffffffa]L][0xfffffff3][0xfffffff8][0xffffff8b][0xffffffaa][0xffffffe9][0xfffffff3]W[0xb][0xffffffeb]:[0xfffffff1][0xffffffd8]k$[0xffffffda][0xffffffd9][0x2][0xffffff8e]g[0xffffff88]+[0xfffffff2][0xfffffff0]L&![0xfffffffa][0xffffffec][0xffffffc5][0x9][0xffffff88].[0xffffffd6]K[0xffffffad][0x1e]KO[0xffffff8d][0xffffff89][0xffffffb5]qd[0xffffff9e]('[0x1e][0xffffffba]x[0x7f]N;$[0xffffffaf][0xffffffae][0xffffffbe][\n]"
21:34:40.948 [main] DEBUG org.apache.hc.client5.http.impl.Wire.wire(Wire.java:92)oggger - http-outgoing-2 << "X[0xffffffb5][0xffffff83]'7EC[0x16]P[0xffffff90][0x16][0x18][0xffffff95][0xffffffce][0xffffffd9][0xffffffb9][0xffffff98]m[0xffffffb4]c5[0xffffffb4][0xffffffb1][0xffffffeb].[0xfffffff6][0xffffff9b][0xffffffcf][0xffffffe3][0xffffff82][0xffffff8b]l[0xfffffff0][0xffffffce][0x8],S[0x13][0xffffffdf][0xffffffa4][0x10][0xffffffe1]|[0x16][0xffffff9e]3[0xffffffbb]`[0x2][0x1b][0xffffffcf]1[0xffffff92]][0xfffffffb][0xffffff89][0xfffffff1]{[0xfffffffa]4[0xffffffec][0xffffffcd][0x8][0xffffffd8][0xffffffb6][0xffffff81][0xffffffe4][0x19][0xffffffb8][0xffffffbd][0xffffffc5][0xffffff9e]S[0xffffffac]/[0xffffffd9]Sa[0x1d]{[0xffffffc2][0xffffffea]5<[0xffffffc1][0xc]Q[0xffffffda][0xffffff90][0xffffffae][0x1f][0x13][0xffffffb9][0xffffff8f][0x1b][0xffffffd2]/[0xfffffffd][0xc]T/[0x1b][0xffffffb1][0xffffffe6][0x2]y&[0x18][0xffffffd0][0x1][0xffffffe6]L[0xffffff99][0x14]9[0x2][0xffffffd6]l0[0xffffff98][0xb][0xffffffce][0xffffffd2][0xffffff8c]>[0xffffff82][0xfffffffe][0xffffffd4][0x2]Oc[0xfffffffe]D[0xffffffce]][0xfffffff4][0xffffffb3],dM|>[0xffffffef][0xffffff84][0xffffff9e]g[0xfffffff5][0xffffff94][0xffffffca][0xffffffea][0xffffff8a][0xffffffab][0xffffffb1][0xffffffb1][0xffffff83][0xffffff81][0xffffffb2]:x[0xffffffaa][0xffffffb2][0xffffffb7]We[0xffffffec][0xffffffd4][0xffffffc4]{[0xffffffa6][0xffffffb8][0xffffffce][0xffffffb4]6+[0xffffffc3]][0xffffffe2][0xffffffd4]J>[0xffffff93][0xffffff8d][0xffffffb5]q<[0xffffff8f][0xffffffd3][0xffffffc1]3[0xffffffa9][0xfffffff2]O[0xffffff8c][0xffffff8e][0xffffffec][0x11][0xffffffa7]S[0xffffffda]O[0xffffffc2][0xfffffff1]W[0xfffffff6]f7[0xffffffb0][0xffffff92]7[0xfffffff4][0xfffffffa][0xffffff90][0x16]2[0xfffffff9]N[0xffffffcf][0xfffffff3][0xffffff88]:[0xfffffff6][0xffffff8a]x[0xffffff92]N[0xffffffa8][0xffffffd6][0xffffffb6]|ny''<7![0xffffffd6]i6[0xfffffffe]][0xfffffffa]}[0xffffffe5][0xffffff8e][0xffffffc8][0xf][0xfffffff4][0x7f][0xffffffff][0xf]PK[0x1][0x2][0x14][0x0][0x14][0x0][0x0][0x0][0x8][0x0]H[0xffffff88][0xffffffdb]Z[0xffffffb9][0xffffffa5]Q[0xffffff91][0x10][0x3][0x0][0x0][0x0][0x6][0x0][0x0]'[0x0][0x0][0x0][0x0][0x0][0x0][0x0][0x0][0x0][0x0][0x0][0xffffffb6][0xffffff81][0x0][0x0][0x0][0x0]chromedriver-win64/LICENSE.chromedriverPK[0x1][0x2][0x14][0x0][0x14][0x0][0x0][0x0][0x8][0x0]H[0xffffff88][0xffffffdb]Z[0xffffffed]|[0xffffffab]>[0xffffffa6]+[0x1][0x0][0xb][0xffffffc1][\n]"
21:34:40.948 [main] DEBUG org.apache.hc.client5.http.impl.Wire.wire(Wire.java:106)oggger - http-outgoing-2 << "[0x0]3[0x0][0x0][0x0][0x0][0x0][0x0][0x0][0x0][0x0][0x0][0x0][0xffffffb6][0xffffff81]U[0x3][0x0][0x0]chromedriver-win64/THIRD_PARTY_NOTICES.chromedriverPK[0x1][0x2][0x14][0x0][0x14][0x0][0x0][0x0][0x8][0x0]H[0xffffff88][0xffffffdb]Z:[0xffffffde][0x1a]Q[0xffffff97][0x13][0xffffff92][0x0][0x0][0xffffff8a]&[0x1]#[0x0][0x0][0x0][0x0][0x0][0x0][0x0][0x0][0x0][0x0][0x0][0xffffffff][0xffffff81]L/[0x1][0x0]chromedriver-win64/chromedriver.exePK[0x5][0x6][0x0][0x0][0x0][0x0][0x3][0x0][0x3][0x0][0x7][0x1][0x0][0x0]$C[0xffffff93][0x0][0x0][0x0]"
21:34:40.948 [main] DEBUG org.apache.hc.client5.http.impl.classic.InternalExecRuntime.releaseEndpoint(InternalExecRuntime.java:256)oggger - ep-0000000004 releasing valid endpoint
21:34:40.948 [main] DEBUG org.apache.hc.client5.http.impl.io.PoolingHttpClientConnectionManager.release(PoolingHttpClientConnectionManager.java:389)oggger - ep-0000000004 releasing endpoint
21:34:40.948 [main] DEBUG org.apache.hc.client5.http.impl.io.PoolingHttpClientConnectionManager.release(PoolingHttpClientConnectionManager.java:408)oggger - ep-0000000004 connection http-outgoing-2 can be kept alive for 3 MINUTES
21:34:40.951 [main] DEBUG org.apache.hc.client5.http.impl.io.PoolingHttpClientConnectionManager.release(PoolingHttpClientConnectionManager.java:421)oggger - ep-0000000004 connection released [route: {s}->https://storage.googleapis.com:443][total available: 3; route allocated: 1 of 5; total allocated: 3 of 25]
21:34:40.952 [main] INFO  io.github.bonigarcia.wdm.online.Downloader.extract(Downloader.java:193)oggger - Extracting driver from compressed file chromedriver-win64.zip
21:34:41.106 [main] INFO  io.github.bonigarcia.wdm.WebDriverManager.exportDriver(WebDriverManager.java:1281)oggger - Exporting webdriver.chrome.driver as C:\Users\Lev\.cache\selenium\chromedriver\win64\138.0.7204.92\chromedriver.exe
21:34:44.125 [main] INFO  testCases.TC001_AccountRegistrationTest.verify_account_reqistration(TC001_AccountRegistrationTest.java:26)oggger - ***Starting Test Case***
21:34:44.139 [main] INFO  testCases.TC001_AccountRegistrationTest.verify_account_reqistration(TC001_AccountRegistrationTest.java:30)oggger - Clicked Register button
21:35:04.240 [main] ERROR testCases.TC001_AccountRegistrationTest.verify_account_reqistration(TC001_AccountRegistrationTest.java:64)oggger - Test failed due to exception: Expected condition failed: waiting for element to be clickable: Proxy element for: DefaultElementLocator 'By.xpath: //button[text()='Register']' (tried for 10 second(s) with 500 milliseconds interval)
org.openqa.selenium.TimeoutException: Expected condition failed: waiting for element to be clickable: Proxy element for: DefaultElementLocator 'By.xpath: //button[text()='Register']' (tried for 10 second(s) with 500 milliseconds interval)
	at org.openqa.selenium.support.ui.WebDriverWait.timeoutException(WebDriverWait.java:84) ~[selenium-support-4.19.1.jar:?]
	at org.openqa.selenium.support.ui.FluentWait.until(FluentWait.java:228) ~[selenium-support-4.19.1.jar:?]
	at pageObject.HomePage.clickRegister(HomePage.java:39) ~[test-classes/:?]
	at testCases.TC001_AccountRegistrationTest.verify_account_reqistration(TC001_AccountRegistrationTest.java:31) ~[test-classes/:?]
	at jdk.internal.reflect.DirectMethodHandleAccessor.invoke(DirectMethodHandleAccessor.java:103) ~[?:?]
	at java.lang.reflect.Method.invoke(Method.java:580) ~[?:?]
	at org.testng.internal.invokers.MethodInvocationHelper.invokeMethod(MethodInvocationHelper.java:139) ~[testng-7.9.0.jar:7.9.0]
	at org.testng.internal.invokers.TestInvoker.invokeMethod(TestInvoker.java:664) ~[testng-7.9.0.jar:7.9.0]
	at org.testng.internal.invokers.TestInvoker.invokeTestMethod(TestInvoker.java:228) ~[testng-7.9.0.jar:7.9.0]
	at org.testng.internal.invokers.MethodRunner.runInSequence(MethodRunner.java:63) ~[testng-7.9.0.jar:7.9.0]
	at org.testng.internal.invokers.TestInvoker$MethodInvocationAgent.invoke(TestInvoker.java:961) ~[testng-7.9.0.jar:7.9.0]
	at org.testng.internal.invokers.TestInvoker.invokeTestMethods(TestInvoker.java:201) ~[testng-7.9.0.jar:7.9.0]
	at org.testng.internal.invokers.TestMethodWorker.invokeTestMethods(TestMethodWorker.java:148) ~[testng-7.9.0.jar:7.9.0]
	at org.testng.internal.invokers.TestMethodWorker.run(TestMethodWorker.java:128) ~[testng-7.9.0.jar:7.9.0]
	at java.util.ArrayList.forEach(ArrayList.java:1597) [?:?]
	at org.testng.TestRunner.privateRun(TestRunner.java:819) [testng-7.9.0.jar:7.9.0]
	at org.testng.TestRunner.run(TestRunner.java:619) [testng-7.9.0.jar:7.9.0]
	at org.testng.SuiteRunner.runTest(SuiteRunner.java:443) [testng-7.9.0.jar:7.9.0]
	at org.testng.SuiteRunner.runSequentially(SuiteRunner.java:437) [testng-7.9.0.jar:7.9.0]
	at org.testng.SuiteRunner.privateRun(SuiteRunner.java:397) [testng-7.9.0.jar:7.9.0]
	at org.testng.SuiteRunner.run(SuiteRunner.java:336) [testng-7.9.0.jar:7.9.0]
	at org.testng.SuiteRunnerWorker.runSuite(SuiteRunnerWorker.java:52) [testng-7.9.0.jar:7.9.0]
	at org.testng.SuiteRunnerWorker.run(SuiteRunnerWorker.java:95) [testng-7.9.0.jar:7.9.0]
	at org.testng.TestNG.runSuitesSequentially(TestNG.java:1301) [testng-7.9.0.jar:7.9.0]
	at org.testng.TestNG.runSuitesLocally(TestNG.java:1228) [testng-7.9.0.jar:7.9.0]
	at org.testng.TestNG.runSuites(TestNG.java:1134) [testng-7.9.0.jar:7.9.0]
	at org.testng.TestNG.run(TestNG.java:1101) [testng-7.9.0.jar:7.9.0]
	at org.testng.remote.AbstractRemoteTestNG.run(AbstractRemoteTestNG.java:115) [testng-remote.jar:?]
	at org.testng.remote.RemoteTestNG.initAndRun(RemoteTestNG.java:293) [testng-remote.jar:?]
	at org.testng.remote.RemoteTestNG.main(RemoteTestNG.java:91) [testng-remote.jar:?]
Caused by: org.openqa.selenium.NoSuchElementException: no such element: Unable to locate element: {"method":"xpath","selector":"//button[text()='Register']"}
  (Session info: chrome=138.0.7204.51)
For documentation on this error, please visit: https://www.selenium.dev/documentation/webdriver/troubleshooting/errors#no-such-element-exception
Build info: version: '4.19.1', revision: 'abe0ee07dc'
System info: os.name: 'Windows 11', os.arch: 'amd64', os.version: '10.0', java.version: '22.0.1'
Driver info: org.openqa.selenium.chrome.ChromeDriver
Command: [e79f00df5777da3652c18ca86bc563f0, findElement {value=//button[text()='Register'], using=xpath}]
Capabilities {acceptInsecureCerts: false, browserName: chrome, browserVersion: 138.0.7204.51, chrome: {chromedriverVersion: 138.0.7204.92 (f079b9bc781e..., userDataDir: C:\Users\Lev\AppData\Local\...}, fedcm:accounts: true, goog:chromeOptions: {debuggerAddress: localhost:52452}, networkConnectionEnabled: false, pageLoadStrategy: normal, platformName: windows, proxy: Proxy(), se:cdp: ws://localhost:52452/devtoo..., se:cdpVersion: 138.0.7204.51, setWindowRect: true, strictFileInteractability: false, timeouts: {implicit: 0, pageLoad: 300000, script: 30000}, unhandledPromptBehavior: dismiss and notify, webauthn:extension:credBlob: true, webauthn:extension:largeBlob: true, webauthn:extension:minPinLength: true, webauthn:extension:prf: true, webauthn:virtualAuthenticators: true}
Session ID: e79f00df5777da3652c18ca86bc563f0
	at jdk.internal.reflect.DirectConstructorHandleAccessor.newInstance(DirectConstructorHandleAccessor.java:62) ~[?:?]
	at java.lang.reflect.Constructor.newInstanceWithCaller(Constructor.java:502) ~[?:?]
	at java.lang.reflect.Constructor.newInstance(Constructor.java:486) ~[?:?]
	at org.openqa.selenium.remote.ErrorCodec.decode(ErrorCodec.java:167) ~[selenium-remote-driver-4.19.1.jar:?]
	at org.openqa.selenium.remote.codec.w3c.W3CHttpResponseCodec.decode(W3CHttpResponseCodec.java:138) ~[selenium-remote-driver-4.19.1.jar:?]
	at org.openqa.selenium.remote.codec.w3c.W3CHttpResponseCodec.decode(W3CHttpResponseCodec.java:50) ~[selenium-remote-driver-4.19.1.jar:?]
	at org.openqa.selenium.remote.HttpCommandExecutor.execute(HttpCommandExecutor.java:190) ~[selenium-remote-driver-4.19.1.jar:?]
	at org.openqa.selenium.remote.service.DriverCommandExecutor.invokeExecute(DriverCommandExecutor.java:216) ~[selenium-remote-driver-4.19.1.jar:?]
	at org.openqa.selenium.remote.service.DriverCommandExecutor.execute(DriverCommandExecutor.java:174) ~[selenium-remote-driver-4.19.1.jar:?]
	at org.openqa.selenium.remote.RemoteWebDriver.execute(RemoteWebDriver.java:518) ~[selenium-remote-driver-4.19.1.jar:?]
	at org.openqa.selenium.remote.ElementLocation$ElementFinder$2.findElement(ElementLocation.java:165) ~[selenium-remote-driver-4.19.1.jar:?]
	at org.openqa.selenium.remote.ElementLocation.findElement(ElementLocation.java:59) ~[selenium-remote-driver-4.19.1.jar:?]
	at org.openqa.selenium.remote.RemoteWebDriver.findElement(RemoteWebDriver.java:355) ~[selenium-remote-driver-4.19.1.jar:?]
	at org.openqa.selenium.remote.RemoteWebDriver.findElement(RemoteWebDriver.java:349) ~[selenium-remote-driver-4.19.1.jar:?]
	at org.openqa.selenium.support.pagefactory.DefaultElementLocator.findElement(DefaultElementLocator.java:68) ~[selenium-support-4.19.1.jar:?]
	at org.openqa.selenium.support.pagefactory.internal.LocatingElementHandler.invoke(LocatingElementHandler.java:38) ~[selenium-support-4.19.1.jar:?]
	at jdk.proxy2.$Proxy32.isDisplayed(Unknown Source) ~[?:?]
	at org.openqa.selenium.support.ui.ExpectedConditions.elementIfVisible(ExpectedConditions.java:304) ~[selenium-support-4.19.1.jar:?]
	at org.openqa.selenium.support.ui.ExpectedConditions$10.apply(ExpectedConditions.java:290) ~[selenium-support-4.19.1.jar:?]
	at org.openqa.selenium.support.ui.ExpectedConditions$10.apply(ExpectedConditions.java:287) ~[selenium-support-4.19.1.jar:?]
	at org.openqa.selenium.support.ui.ExpectedConditions$23.apply(ExpectedConditions.java:656) ~[selenium-support-4.19.1.jar:?]
	at org.openqa.selenium.support.ui.ExpectedConditions$23.apply(ExpectedConditions.java:652) ~[selenium-support-4.19.1.jar:?]
	at org.openqa.selenium.support.ui.FluentWait.until(FluentWait.java:203) ~[selenium-support-4.19.1.jar:?]
	... 28 more
21:35:04.507 [main] INFO  org.testng.log4testng.Logger.info(Logger.java:112)oggger - [TestNG] Time taken by org.testng.reporters.jq.Main@52b06bef: 39 ms
21:35:04.516 [main] INFO  org.testng.log4testng.Logger.info(Logger.java:112)oggger - [TestNG] Time taken by org.testng.reporters.FailedReporter@3e5fd2b1: 8 ms
21:35:04.524 [main] INFO  org.testng.log4testng.Logger.info(Logger.java:112)oggger - [TestNG] Time taken by org.testng.reporters.XMLReporter@e11ecfa: 7 ms
21:35:04.529 [main] INFO  org.testng.log4testng.Logger.info(Logger.java:112)oggger - [TestNG] Time taken by org.testng.reporters.EmailableReporter2@7a45d714: 5 ms
21:35:04.535 [main] INFO  org.testng.log4testng.Logger.info(Logger.java:112)oggger - [TestNG] Time taken by org.testng.reporters.JUnitReportReporter@3762c4fc: 6 ms
21:35:04.537 [main] INFO  org.testng.log4testng.Logger.info(Logger.java:112)oggger - [TestNG] Time taken by org.testng.internal.ExitCodeListener@77ab22be: 2 ms
21:36:35.543 [main] DEBUG org.testng.log4testng.Logger.debug(Logger.java:82)oggger - suiteXmlPath: "C:\Users\Lev\AppData\Local\Temp\testng-eclipse-1008333634\testng-customsuite.xml"
21:36:35.701 [main] INFO  org.testng.log4testng.Logger.info(Logger.java:112)oggger - [Utils] MethodGroupsHelper.collectMethodsByGroup() took 0 ms.
21:36:35.704 [main] INFO  org.testng.log4testng.Logger.info(Logger.java:112)oggger - [Utils] MethodGroupsHelper.sortMethods() took 1 ms.
21:36:35.706 [main] INFO  org.testng.log4testng.Logger.info(Logger.java:112)oggger - [Utils] MethodGroupsHelper.collectMethodsByGroup() took 0 ms.
21:36:35.706 [main] INFO  org.testng.log4testng.Logger.info(Logger.java:112)oggger - [Utils] MethodGroupsHelper.sortMethods() took 0 ms.
21:36:35.707 [main] INFO  org.testng.log4testng.Logger.info(Logger.java:112)oggger - [Utils] MethodGroupsHelper.collectMethodsByGroup() took 0 ms.
21:36:35.707 [main] INFO  org.testng.log4testng.Logger.info(Logger.java:112)oggger - [Utils] MethodGroupsHelper.sortMethods() took 0 ms.
21:36:35.707 [main] INFO  org.testng.log4testng.Logger.info(Logger.java:112)oggger - [Utils] MethodGroupsHelper.collectMethodsByGroup() took 0 ms.
21:36:35.707 [main] INFO  org.testng.log4testng.Logger.info(Logger.java:112)oggger - [Utils] MethodGroupsHelper.sortMethods() took 0 ms.
21:36:35.713 [main] INFO  org.testng.log4testng.Logger.info(Logger.java:112)oggger - [Utils] MethodGroupsHelper.collectMethodsByGroup() took 3 ms.
21:36:35.720 [main] INFO  org.testng.log4testng.Logger.info(Logger.java:112)oggger - [Utils] MethodGroupsHelper.sortMethods() took 7 ms.
21:36:35.722 [main] INFO  org.testng.log4testng.Logger.info(Logger.java:112)oggger - [Utils] MethodGroupsHelper.collectMethodsByGroup() took 0 ms.
21:36:35.722 [main] INFO  org.testng.log4testng.Logger.info(Logger.java:112)oggger - [Utils] MethodGroupsHelper.sortMethods() took 0 ms.
21:36:35.723 [main] INFO  org.testng.log4testng.Logger.info(Logger.java:112)oggger - [Utils] MethodGroupsHelper.collectMethodsByGroup() took 0 ms.
21:36:35.723 [main] INFO  org.testng.log4testng.Logger.info(Logger.java:112)oggger - [Utils] MethodGroupsHelper.sortMethods() took 0 ms.
21:36:35.724 [main] INFO  org.testng.log4testng.Logger.info(Logger.java:112)oggger - [Utils] MethodGroupsHelper.collectMethodsByGroup() took 0 ms.
21:36:35.724 [main] INFO  org.testng.log4testng.Logger.info(Logger.java:112)oggger - [Utils] MethodGroupsHelper.sortMethods() took 0 ms.
21:36:35.726 [main] INFO  org.testng.log4testng.Logger.info(Logger.java:112)oggger - [Utils] MethodGroupsHelper.collectMethodsByGroup() took 0 ms.
21:36:35.726 [main] INFO  org.testng.log4testng.Logger.info(Logger.java:112)oggger - [Utils] MethodGroupsHelper.sortMethods() took 0 ms.
21:36:35.726 [main] INFO  org.testng.log4testng.Logger.info(Logger.java:112)oggger - [Utils] MethodGroupsHelper.collectMethodsByGroup() took 0 ms.
21:36:35.726 [main] INFO  org.testng.log4testng.Logger.info(Logger.java:112)oggger - [Utils] MethodGroupsHelper.sortMethods() took 0 ms.
21:36:35.727 [main] INFO  org.testng.log4testng.Logger.info(Logger.java:112)oggger - [Utils] MethodGroupsHelper.collectMethodsByGroup() took 0 ms.
21:36:35.727 [main] INFO  org.testng.log4testng.Logger.info(Logger.java:112)oggger - [Utils] MethodGroupsHelper.sortMethods() took 0 ms.
21:36:35.727 [main] INFO  org.testng.log4testng.Logger.info(Logger.java:112)oggger - [Utils] MethodGroupsHelper.collectMethodsByGroup() took 0 ms.
21:36:35.727 [main] INFO  org.testng.log4testng.Logger.info(Logger.java:112)oggger - [Utils] MethodGroupsHelper.sortMethods() took 0 ms.
21:36:35.728 [main] INFO  org.testng.log4testng.Logger.info(Logger.java:112)oggger - [Utils] MethodGroupsHelper.collectMethodsByGroup() took 0 ms.
21:36:35.729 [main] INFO  org.testng.log4testng.Logger.info(Logger.java:112)oggger - [Utils] MethodGroupsHelper.sortMethods() took 0 ms.
21:36:35.729 [main] INFO  org.testng.log4testng.Logger.info(Logger.java:112)oggger - [Utils] MethodGroupsHelper.collectMethodsByGroup() took 0 ms.
21:36:35.730 [main] INFO  org.testng.log4testng.Logger.info(Logger.java:112)oggger - [Utils] MethodGroupsHelper.sortMethods() took 0 ms.
21:36:35.730 [main] INFO  org.testng.log4testng.Logger.info(Logger.java:112)oggger - [Utils] MethodGroupsHelper.collectMethodsByGroup() took 0 ms.
21:36:35.730 [main] INFO  org.testng.log4testng.Logger.info(Logger.java:112)oggger - [Utils] MethodGroupsHelper.sortMethods() took 0 ms.
21:36:35.736 [main] INFO  org.testng.log4testng.Logger.info(Logger.java:112)oggger - [TestNG] Running:
  C:\Users\Lev\AppData\Local\Temp\testng-eclipse-1008333634\testng-customsuite.xml

21:36:35.750 [main] INFO  org.testng.log4testng.Logger.info(Logger.java:112)oggger - [Utils] DynamicGraphHelper.createDynamicGraph() took 4 ms.
21:36:35.784 [main] DEBUG io.github.bonigarcia.wdm.WebDriverManager.<init>(WebDriverManager.java:226)oggger - Using WebDriverManager 5.7.0
21:36:36.045 [main] DEBUG io.github.bonigarcia.wdm.cache.ResolutionCache.checkKeyInResolutionCache(ResolutionCache.java:186)oggger - Resolution chrome=138 in cache (valid until 22:34:38 05/07/2025 PDT)
21:36:36.046 [main] DEBUG io.github.bonigarcia.wdm.cache.ResolutionCache.checkKeyInResolutionCache(ResolutionCache.java:186)oggger - Resolution chrome138=138.0.7204.92 in cache (valid until 21:34:38 06/07/2025 PDT)
21:36:36.046 [main] INFO  io.github.bonigarcia.wdm.WebDriverManager.resolveDriverVersion(WebDriverManager.java:1219)oggger - Using chromedriver 138.0.7204.92 (resolved driver for Chrome 138)
21:36:36.060 [main] DEBUG io.github.bonigarcia.wdm.WebDriverManager.manage(WebDriverManager.java:1178)oggger - Driver chromedriver 138.0.7204.92 found in cache
21:36:36.061 [main] INFO  io.github.bonigarcia.wdm.WebDriverManager.exportDriver(WebDriverManager.java:1281)oggger - Exporting webdriver.chrome.driver as C:\Users\Lev\.cache\selenium\chromedriver\win64\138.0.7204.92\chromedriver.exe
21:36:37.525 [main] INFO  testCases.TC001_AccountRegistrationTest.verify_account_reqistration(TC001_AccountRegistrationTest.java:26)oggger - ***Starting Test Case***
21:36:37.541 [main] INFO  testCases.TC001_AccountRegistrationTest.verify_account_reqistration(TC001_AccountRegistrationTest.java:30)oggger - Clicked Register button
21:36:37.838 [main] INFO  testCases.TC001_AccountRegistrationTest.verify_account_reqistration(TC001_AccountRegistrationTest.java:35)oggger - Providing customer details..
21:36:45.455 [main] INFO  testCases.TC001_AccountRegistrationTest.verify_account_reqistration(TC001_AccountRegistrationTest.java:51)oggger - Validating expected message
21:36:45.494 [main] INFO  testCases.TC001_AccountRegistrationTest.verify_account_reqistration(TC001_AccountRegistrationTest.java:54)oggger - Confirmation message received: Registration successful!
21:36:45.496 [main] INFO  testCases.TC001_AccountRegistrationTest.verify_account_reqistration(TC001_AccountRegistrationTest.java:68)oggger - ***Finished Test Case***
21:36:45.496 [main] INFO  testCases.TC001_AccountRegistrationTest.verify_account_reqistration(TC001_AccountRegistrationTest.java:69)oggger - Launching URL: https://tutorialsninja.com/demo/index.php?route=account/login
21:36:45.700 [main] INFO  org.testng.log4testng.Logger.info(Logger.java:112)oggger - [TestNG] Time taken by org.testng.reporters.jq.Main@4b6d92e: 38 ms
21:36:45.700 [main] INFO  org.testng.log4testng.Logger.info(Logger.java:112)oggger - [TestNG] Time taken by org.testng.reporters.FailedReporter@33899f7a: 0 ms
21:36:45.706 [main] INFO  org.testng.log4testng.Logger.info(Logger.java:112)oggger - [TestNG] Time taken by org.testng.reporters.XMLReporter@5f038248: 5 ms
21:36:45.710 [main] INFO  org.testng.log4testng.Logger.info(Logger.java:112)oggger - [TestNG] Time taken by org.testng.reporters.EmailableReporter2@7e7f0216: 4 ms
21:36:45.714 [main] INFO  org.testng.log4testng.Logger.info(Logger.java:112)oggger - [TestNG] Time taken by org.testng.reporters.JUnitReportReporter@1a4d1ab7: 4 ms
21:36:45.714 [main] INFO  org.testng.log4testng.Logger.info(Logger.java:112)oggger - [TestNG] Time taken by org.testng.internal.ExitCodeListener@546e61d5: 0 ms
21:41:10.589 [main] DEBUG org.testng.log4testng.Logger.debug(Logger.java:82)oggger - suiteXmlPath: "C:\Users\Lev\AppData\Local\Temp\testng-eclipse-1691630711\testng-customsuite.xml"
21:43:22.697 [main] DEBUG org.testng.log4testng.Logger.debug(Logger.java:82)oggger - suiteXmlPath: "C:\Users\Lev\AppData\Local\Temp\testng-eclipse--500067590\testng-customsuite.xml"
21:46:25.067 [main] DEBUG org.testng.log4testng.Logger.debug(Logger.java:82)oggger - suiteXmlPath: "C:\Users\Lev\AppData\Local\Temp\testng-eclipse-758875140\testng-customsuite.xml"
21:52:26.957 [main] DEBUG org.testng.log4testng.Logger.debug(Logger.java:82)oggger - suiteXmlPath: "C:\Users\Lev\eclipse-workspace\Opencart1\master.xml"
21:52:27.177 [main] DEBUG io.github.bonigarcia.wdm.WebDriverManager.<init>(WebDriverManager.java:226)oggger - Using WebDriverManager 5.7.0
21:52:27.434 [main] DEBUG io.github.bonigarcia.wdm.cache.ResolutionCache.checkKeyInResolutionCache(ResolutionCache.java:186)oggger - Resolution chrome=138 in cache (valid until 22:34:38 05/07/2025 PDT)
21:52:27.436 [main] DEBUG io.github.bonigarcia.wdm.cache.ResolutionCache.checkKeyInResolutionCache(ResolutionCache.java:186)oggger - Resolution chrome138=138.0.7204.92 in cache (valid until 21:34:38 06/07/2025 PDT)
21:52:27.436 [main] INFO  io.github.bonigarcia.wdm.WebDriverManager.resolveDriverVersion(WebDriverManager.java:1219)oggger - Using chromedriver 138.0.7204.92 (resolved driver for Chrome 138)
21:52:27.457 [main] DEBUG io.github.bonigarcia.wdm.WebDriverManager.manage(WebDriverManager.java:1178)oggger - Driver chromedriver 138.0.7204.92 found in cache
21:52:27.458 [main] INFO  io.github.bonigarcia.wdm.WebDriverManager.exportDriver(WebDriverManager.java:1281)oggger - Exporting webdriver.chrome.driver as C:\Users\Lev\.cache\selenium\chromedriver\win64\138.0.7204.92\chromedriver.exe
21:52:29.011 [main] INFO  testCases.TC001_AccountRegistrationTest.verify_account_reqistration(TC001_AccountRegistrationTest.java:26)oggger - ***Starting Test Case***
21:52:29.028 [main] INFO  testCases.TC001_AccountRegistrationTest.verify_account_reqistration(TC001_AccountRegistrationTest.java:30)oggger - Clicked Register button
21:52:29.313 [main] INFO  testCases.TC001_AccountRegistrationTest.verify_account_reqistration(TC001_AccountRegistrationTest.java:35)oggger - Providing customer details..
21:52:36.934 [main] INFO  testCases.TC001_AccountRegistrationTest.verify_account_reqistration(TC001_AccountRegistrationTest.java:51)oggger - Validating expected message
21:52:36.997 [main] INFO  testCases.TC001_AccountRegistrationTest.verify_account_reqistration(TC001_AccountRegistrationTest.java:54)oggger - Confirmation message received: Registration successful!
21:52:36.999 [main] INFO  testCases.TC001_AccountRegistrationTest.verify_account_reqistration(TC001_AccountRegistrationTest.java:68)oggger - ***Finished Test Case***
21:52:36.999 [main] INFO  testCases.TC001_AccountRegistrationTest.verify_account_reqistration(TC001_AccountRegistrationTest.java:69)oggger - Launching URL: https://tutorialsninja.com/demo/index.php?route=account/login
21:52:37.189 [main] DEBUG io.github.bonigarcia.wdm.WebDriverManager.<init>(WebDriverManager.java:226)oggger - Using WebDriverManager 5.7.0
21:52:37.200 [main] DEBUG io.github.bonigarcia.wdm.cache.ResolutionCache.checkKeyInResolutionCache(ResolutionCache.java:186)oggger - Resolution chrome=138 in cache (valid until 22:34:38 05/07/2025 PDT)
21:52:37.201 [main] DEBUG io.github.bonigarcia.wdm.cache.ResolutionCache.checkKeyInResolutionCache(ResolutionCache.java:186)oggger - Resolution chrome138=138.0.7204.92 in cache (valid until 21:34:38 06/07/2025 PDT)
21:52:37.201 [main] INFO  io.github.bonigarcia.wdm.WebDriverManager.resolveDriverVersion(WebDriverManager.java:1219)oggger - Using chromedriver 138.0.7204.92 (resolved driver for Chrome 138)
21:52:37.207 [main] DEBUG io.github.bonigarcia.wdm.WebDriverManager.manage(WebDriverManager.java:1178)oggger - Driver chromedriver 138.0.7204.92 found in cache
21:52:37.207 [main] INFO  io.github.bonigarcia.wdm.WebDriverManager.exportDriver(WebDriverManager.java:1281)oggger - Exporting webdriver.chrome.driver as C:\Users\Lev\.cache\selenium\chromedriver\win64\138.0.7204.92\chromedriver.exe
21:52:38.569 [main] DEBUG io.github.bonigarcia.wdm.WebDriverManager.<init>(WebDriverManager.java:226)oggger - Using WebDriverManager 5.7.0
21:52:38.587 [main] DEBUG io.github.bonigarcia.wdm.cache.ResolutionCache.checkKeyInResolutionCache(ResolutionCache.java:186)oggger - Resolution chrome=138 in cache (valid until 22:34:38 05/07/2025 PDT)
21:52:38.588 [main] DEBUG io.github.bonigarcia.wdm.cache.ResolutionCache.checkKeyInResolutionCache(ResolutionCache.java:186)oggger - Resolution chrome138=138.0.7204.92 in cache (valid until 21:34:38 06/07/2025 PDT)
21:52:38.588 [main] INFO  io.github.bonigarcia.wdm.WebDriverManager.resolveDriverVersion(WebDriverManager.java:1219)oggger - Using chromedriver 138.0.7204.92 (resolved driver for Chrome 138)
21:52:38.594 [main] DEBUG io.github.bonigarcia.wdm.WebDriverManager.manage(WebDriverManager.java:1178)oggger - Driver chromedriver 138.0.7204.92 found in cache
21:52:38.595 [main] INFO  io.github.bonigarcia.wdm.WebDriverManager.exportDriver(WebDriverManager.java:1281)oggger - Exporting webdriver.chrome.driver as C:\Users\Lev\.cache\selenium\chromedriver\win64\138.0.7204.92\chromedriver.exe
21:52:39.773 [main] INFO  testCases.TC002_LoginTest.verify_login(TC002_LoginTest.java:18)oggger - ***Starting Login***
21:54:08.391 [main] DEBUG org.testng.log4testng.Logger.debug(Logger.java:82)oggger - suiteXmlPath: "C:\Users\Lev\eclipse-workspace\Opencart1\master.xml"
21:54:08.578 [main] INFO  org.testng.log4testng.Logger.info(Logger.java:112)oggger - [TestNG] Running:
  C:\Users\Lev\eclipse-workspace\Opencart1\master.xml

21:54:08.625 [main] DEBUG io.github.bonigarcia.wdm.WebDriverManager.<init>(WebDriverManager.java:226)oggger - Using WebDriverManager 5.7.0
21:54:08.883 [main] DEBUG io.github.bonigarcia.wdm.cache.ResolutionCache.checkKeyInResolutionCache(ResolutionCache.java:186)oggger - Resolution chrome=138 in cache (valid until 22:34:38 05/07/2025 PDT)
21:54:08.884 [main] DEBUG io.github.bonigarcia.wdm.cache.ResolutionCache.checkKeyInResolutionCache(ResolutionCache.java:186)oggger - Resolution chrome138=138.0.7204.92 in cache (valid until 21:34:38 06/07/2025 PDT)
21:54:08.884 [main] INFO  io.github.bonigarcia.wdm.WebDriverManager.resolveDriverVersion(WebDriverManager.java:1219)oggger - Using chromedriver 138.0.7204.92 (resolved driver for Chrome 138)
21:54:08.898 [main] DEBUG io.github.bonigarcia.wdm.WebDriverManager.manage(WebDriverManager.java:1178)oggger - Driver chromedriver 138.0.7204.92 found in cache
21:54:08.899 [main] INFO  io.github.bonigarcia.wdm.WebDriverManager.exportDriver(WebDriverManager.java:1281)oggger - Exporting webdriver.chrome.driver as C:\Users\Lev\.cache\selenium\chromedriver\win64\138.0.7204.92\chromedriver.exe
21:54:10.272 [main] INFO  testCases.TC001_AccountRegistrationTest.verify_account_reqistration(TC001_AccountRegistrationTest.java:26)oggger - ***Starting Test Case***
21:54:10.284 [main] INFO  testCases.TC001_AccountRegistrationTest.verify_account_reqistration(TC001_AccountRegistrationTest.java:30)oggger - Clicked Register button
21:54:10.473 [main] INFO  testCases.TC001_AccountRegistrationTest.verify_account_reqistration(TC001_AccountRegistrationTest.java:35)oggger - Providing customer details..
21:54:18.050 [main] INFO  testCases.TC001_AccountRegistrationTest.verify_account_reqistration(TC001_AccountRegistrationTest.java:51)oggger - Validating expected message
21:54:18.091 [main] INFO  testCases.TC001_AccountRegistrationTest.verify_account_reqistration(TC001_AccountRegistrationTest.java:54)oggger - Confirmation message received: Registration successful!
21:54:18.093 [main] INFO  testCases.TC001_AccountRegistrationTest.verify_account_reqistration(TC001_AccountRegistrationTest.java:68)oggger - ***Finished Test Case***
21:54:18.094 [main] INFO  testCases.TC001_AccountRegistrationTest.verify_account_reqistration(TC001_AccountRegistrationTest.java:69)oggger - Launching URL: https://tutorialsninja.com/demo/index.php?route=account/login
21:56:49.543 [main] DEBUG org.testng.log4testng.Logger.debug(Logger.java:82)oggger - suiteXmlPath: "C:\Users\Lev\eclipse-workspace\Opencart1\master.xml"
21:56:49.732 [main] INFO  org.testng.log4testng.Logger.info(Logger.java:112)oggger - [TestNG] Running:
  C:\Users\Lev\eclipse-workspace\Opencart1\master.xml

