22:23:28.762 [main] DEBUG org.testng.log4testng.Logger.debug(Logger.java:82)oggger - suiteXmlPath: "C:\Users\Lev\eclipse-workspace\Opencart1\crossbrowserteting.xml"
22:23:28.831 [main] INFO  org.testng.log4testng.Logger.info(Logger.java:112)oggger - [XmlSuite] [WARN] 'parallel' value 'false' is no longer valid, defaulting to 'none'.
22:23:28.985 [main] INFO  org.testng.log4testng.Logger.info(Logger.java:112)oggger - [TestNG] Running:
  C:\Users\Lev\eclipse-workspace\Opencart1\crossbrowserteting.xml

22:23:29.038 [main] DEBUG io.github.bonigarcia.wdm.WebDriverManager.<init>(WebDriverManager.java:226)oggger - Using WebDriverManager 5.7.0
22:23:29.360 [main] DEBUG io.github.bonigarcia.wdm.cache.ResolutionCache.checkKeyInResolutionCache(ResolutionCache.java:186)oggger - Resolution chrome=137 in cache (valid until 23:15:17 24/05/2025 PDT)
22:23:29.361 [main] DEBUG io.github.bonigarcia.wdm.cache.ResolutionCache.checkKeyInResolutionCache(ResolutionCache.java:186)oggger - Resolution chrome137=137.0.7151.40 in cache (valid until 16:48:31 25/05/2025 PDT)
22:23:29.362 [main] INFO  io.github.bonigarcia.wdm.WebDriverManager.resolveDriverVersion(WebDriverManager.java:1219)oggger - Using chromedriver 137.0.7151.40 (resolved driver for Chrome 137)
22:23:29.383 [main] DEBUG io.github.bonigarcia.wdm.WebDriverManager.manage(WebDriverManager.java:1178)oggger - Driver chromedriver 137.0.7151.40 found in cache
22:23:29.384 [main] INFO  io.github.bonigarcia.wdm.WebDriverManager.exportDriver(WebDriverManager.java:1281)oggger - Exporting webdriver.chrome.driver as C:\Users\Lev\.cache\selenium\chromedriver\win64\137.0.7151.40\chromedriver.exe
22:23:30.844 [main] INFO  testCases.TC001_AccountRegistrationTest.verify_account_reqistration(TC001_AccountRegistrationTest.java:26)oggger - ***Starting Test Case***
22:23:30.859 [main] INFO  testCases.TC001_AccountRegistrationTest.verify_account_reqistration(TC001_AccountRegistrationTest.java:30)oggger - Clicked Register button
22:23:31.080 [main] INFO  testCases.TC001_AccountRegistrationTest.verify_account_reqistration(TC001_AccountRegistrationTest.java:35)oggger - Providing customer details..
22:23:38.627 [main] INFO  testCases.TC001_AccountRegistrationTest.verify_account_reqistration(TC001_AccountRegistrationTest.java:51)oggger - Validating expected message
22:23:38.667 [main] INFO  testCases.TC001_AccountRegistrationTest.verify_account_reqistration(TC001_AccountRegistrationTest.java:54)oggger - Confirmation message received: Registration successful!
22:23:38.669 [main] INFO  testCases.TC001_AccountRegistrationTest.verify_account_reqistration(TC001_AccountRegistrationTest.java:68)oggger - ***Finished Test Case***
22:23:38.669 [main] INFO  testCases.TC001_AccountRegistrationTest.verify_account_reqistration(TC001_AccountRegistrationTest.java:69)oggger - Launching URL: https://llvovsky.github.io/TestSite/registration/home.html
22:29:56.687 [main] DEBUG org.testng.log4testng.Logger.debug(Logger.java:82)oggger - suiteXmlPath: "C:\Users\Lev\eclipse-workspace\Opencart1\crossbrowserteting.xml"
22:29:56.746 [main] INFO  org.testng.log4testng.Logger.info(Logger.java:112)oggger - [XmlSuite] [WARN] 'parallel' value 'false' is no longer valid, defaulting to 'none'.
22:29:56.885 [main] INFO  org.testng.log4testng.Logger.info(Logger.java:112)oggger - [TestNG] Running:
  C:\Users\Lev\eclipse-workspace\Opencart1\crossbrowserteting.xml

22:29:56.934 [main] DEBUG io.github.bonigarcia.wdm.WebDriverManager.<init>(WebDriverManager.java:226)oggger - Using WebDriverManager 5.7.0
22:29:57.204 [main] DEBUG io.github.bonigarcia.wdm.cache.ResolutionCache.checkKeyInResolutionCache(ResolutionCache.java:186)oggger - Resolution chrome=137 in cache (valid until 23:15:17 24/05/2025 PDT)
22:29:57.205 [main] DEBUG io.github.bonigarcia.wdm.cache.ResolutionCache.checkKeyInResolutionCache(ResolutionCache.java:186)oggger - Resolution chrome137=137.0.7151.40 in cache (valid until 16:48:31 25/05/2025 PDT)
22:29:57.206 [main] INFO  io.github.bonigarcia.wdm.WebDriverManager.resolveDriverVersion(WebDriverManager.java:1219)oggger - Using chromedriver 137.0.7151.40 (resolved driver for Chrome 137)
22:29:57.223 [main] DEBUG io.github.bonigarcia.wdm.WebDriverManager.manage(WebDriverManager.java:1178)oggger - Driver chromedriver 137.0.7151.40 found in cache
22:29:57.224 [main] INFO  io.github.bonigarcia.wdm.WebDriverManager.exportDriver(WebDriverManager.java:1281)oggger - Exporting webdriver.chrome.driver as C:\Users\Lev\.cache\selenium\chromedriver\win64\137.0.7151.40\chromedriver.exe
22:29:58.672 [main] INFO  testCases.TC001_AccountRegistrationTest.verify_account_reqistration(TC001_AccountRegistrationTest.java:26)oggger - ***Starting Test Case***
22:29:58.687 [main] INFO  testCases.TC001_AccountRegistrationTest.verify_account_reqistration(TC001_AccountRegistrationTest.java:30)oggger - Clicked Register button
22:29:58.872 [main] INFO  testCases.TC001_AccountRegistrationTest.verify_account_reqistration(TC001_AccountRegistrationTest.java:35)oggger - Providing customer details..
22:30:06.464 [main] INFO  testCases.TC001_AccountRegistrationTest.verify_account_reqistration(TC001_AccountRegistrationTest.java:51)oggger - Validating expected message
22:30:06.499 [main] INFO  testCases.TC001_AccountRegistrationTest.verify_account_reqistration(TC001_AccountRegistrationTest.java:54)oggger - Confirmation message received: Registration successful!
22:30:06.500 [main] INFO  testCases.TC001_AccountRegistrationTest.verify_account_reqistration(TC001_AccountRegistrationTest.java:68)oggger - ***Finished Test Case***
22:30:06.501 [main] INFO  testCases.TC001_AccountRegistrationTest.verify_account_reqistration(TC001_AccountRegistrationTest.java:69)oggger - Launching URL: https://llvovsky.github.io/TestSite/registration/home.html
22:30:06.670 [main] DEBUG io.github.bonigarcia.wdm.WebDriverManager.<init>(WebDriverManager.java:226)oggger - Using WebDriverManager 5.7.0
22:30:06.695 [main] DEBUG org.apache.hc.client5.http.impl.classic.InternalHttpClient.doExecute(InternalHttpClient.java:164)oggger - ex-0000000001 preparing request execution
22:30:06.705 [main] DEBUG org.apache.hc.client5.http.impl.classic.ProtocolExec.execute(ProtocolExec.java:181)oggger - ex-0000000001 target auth state: UNCHALLENGED
22:30:06.706 [main] DEBUG org.apache.hc.client5.http.impl.classic.ProtocolExec.execute(ProtocolExec.java:187)oggger - ex-0000000001 proxy auth state: UNCHALLENGED
22:30:06.706 [main] DEBUG org.apache.hc.client5.http.impl.classic.ConnectExec.execute(ConnectExec.java:123)oggger - ex-0000000001 acquiring connection with route {s}->https://raw.githubusercontent.com:443
22:30:06.706 [main] DEBUG org.apache.hc.client5.http.impl.classic.InternalExecRuntime.acquireEndpoint(InternalExecRuntime.java:101)oggger - ex-0000000001 acquiring endpoint (3 MINUTES)
22:30:06.708 [main] DEBUG org.apache.hc.client5.http.impl.io.PoolingHttpClientConnectionManager.lease(PoolingHttpClientConnectionManager.java:296)oggger - ex-0000000001 endpoint lease request (3 MINUTES) [route: {s}->https://raw.githubusercontent.com:443][total available: 0; route allocated: 0 of 5; total allocated: 0 of 25]
22:30:06.712 [main] DEBUG org.apache.hc.client5.http.impl.io.PoolingHttpClientConnectionManager$3.get(PoolingHttpClientConnectionManager.java:318)oggger - ex-0000000001 endpoint leased [route: {s}->https://raw.githubusercontent.com:443][total available: 0; route allocated: 1 of 5; total allocated: 1 of 25]
22:30:06.722 [main] DEBUG org.apache.hc.client5.http.impl.io.PoolingHttpClientConnectionManager$3.get(PoolingHttpClientConnectionManager.java:360)oggger - ex-0000000001 acquired ep-0000000001
22:30:06.723 [main] DEBUG org.apache.hc.client5.http.impl.classic.InternalExecRuntime.acquireEndpoint(InternalExecRuntime.java:116)oggger - ex-0000000001 acquired endpoint ep-0000000001
22:30:06.723 [main] DEBUG org.apache.hc.client5.http.impl.classic.ConnectExec.execute(ConnectExec.java:130)oggger - ex-0000000001 opening connection {s}->https://raw.githubusercontent.com:443
22:30:06.724 [main] DEBUG org.apache.hc.client5.http.impl.classic.InternalExecRuntime.connectEndpoint(InternalExecRuntime.java:160)oggger - ep-0000000001 connecting endpoint (null)
22:30:06.726 [main] DEBUG org.apache.hc.client5.http.impl.io.PoolingHttpClientConnectionManager.connect(PoolingHttpClientConnectionManager.java:444)oggger - ep-0000000001 connecting endpoint to https://raw.githubusercontent.com:443 (30 SECONDS)
22:30:06.726 [main] DEBUG org.apache.hc.client5.http.impl.io.DefaultHttpClientConnectionOperator.connect(DefaultHttpClientConnectionOperator.java:138)oggger - raw.githubusercontent.com resolving remote address
22:30:06.727 [main] DEBUG org.apache.hc.client5.http.impl.io.DefaultHttpClientConnectionOperator.connect(DefaultHttpClientConnectionOperator.java:144)oggger - raw.githubusercontent.com resolved to [raw.githubusercontent.com/185.199.108.133, raw.githubusercontent.com/185.199.111.133, raw.githubusercontent.com/185.199.110.133, raw.githubusercontent.com/185.199.109.133, raw.githubusercontent.com/2606:50c0:8001:0:0:0:0:154, raw.githubusercontent.com/2606:50c0:8003:0:0:0:0:154, raw.githubusercontent.com/2606:50c0:8000:0:0:0:0:154, raw.githubusercontent.com/2606:50c0:8002:0:0:0:0:154]
22:30:06.728 [main] DEBUG org.apache.hc.client5.http.impl.io.DefaultHttpClientConnectionOperator.connect(DefaultHttpClientConnectionOperator.java:177)oggger - raw.githubusercontent.com:443 connecting null->raw.githubusercontent.com/185.199.108.133:443 (30 SECONDS)
22:30:06.728 [main] DEBUG org.apache.hc.client5.http.ssl.SSLConnectionSocketFactory.connectSocket(SSLConnectionSocketFactory.java:226)oggger - Connecting socket to raw.githubusercontent.com/185.199.108.133:443 with timeout 30 SECONDS
22:30:06.757 [main] DEBUG org.apache.hc.client5.http.ssl.SSLConnectionSocketFactory.executeHandshake(SSLConnectionSocketFactory.java:299)oggger - Enabled protocols: [TLSv1.3, TLSv1.2]
22:30:06.758 [main] DEBUG org.apache.hc.client5.http.ssl.SSLConnectionSocketFactory.executeHandshake(SSLConnectionSocketFactory.java:300)oggger - Enabled cipher suites: [TLS_AES_256_GCM_SHA384, TLS_AES_128_GCM_SHA256, TLS_CHACHA20_POLY1305_SHA256, TLS_ECDHE_ECDSA_WITH_AES_256_GCM_SHA384, TLS_ECDHE_ECDSA_WITH_AES_128_GCM_SHA256, TLS_ECDHE_ECDSA_WITH_CHACHA20_POLY1305_SHA256, TLS_ECDHE_RSA_WITH_AES_256_GCM_SHA384, TLS_ECDHE_RSA_WITH_CHACHA20_POLY1305_SHA256, TLS_ECDHE_RSA_WITH_AES_128_GCM_SHA256, TLS_DHE_RSA_WITH_AES_256_GCM_SHA384, TLS_DHE_RSA_WITH_CHACHA20_POLY1305_SHA256, TLS_DHE_DSS_WITH_AES_256_GCM_SHA384, TLS_DHE_RSA_WITH_AES_128_GCM_SHA256, TLS_DHE_DSS_WITH_AES_128_GCM_SHA256, TLS_ECDHE_ECDSA_WITH_AES_256_CBC_SHA384, TLS_ECDHE_RSA_WITH_AES_256_CBC_SHA384, TLS_ECDHE_ECDSA_WITH_AES_128_CBC_SHA256, TLS_ECDHE_RSA_WITH_AES_128_CBC_SHA256, TLS_DHE_RSA_WITH_AES_256_CBC_SHA256, TLS_DHE_DSS_WITH_AES_256_CBC_SHA256, TLS_DHE_RSA_WITH_AES_128_CBC_SHA256, TLS_DHE_DSS_WITH_AES_128_CBC_SHA256, TLS_ECDHE_ECDSA_WITH_AES_256_CBC_SHA, TLS_ECDHE_RSA_WITH_AES_256_CBC_SHA, TLS_ECDHE_ECDSA_WITH_AES_128_CBC_SHA, TLS_ECDHE_RSA_WITH_AES_128_CBC_SHA, TLS_DHE_RSA_WITH_AES_256_CBC_SHA, TLS_DHE_DSS_WITH_AES_256_CBC_SHA, TLS_DHE_RSA_WITH_AES_128_CBC_SHA, TLS_DHE_DSS_WITH_AES_128_CBC_SHA, TLS_RSA_WITH_AES_256_GCM_SHA384, TLS_RSA_WITH_AES_128_GCM_SHA256, TLS_RSA_WITH_AES_256_CBC_SHA256, TLS_RSA_WITH_AES_128_CBC_SHA256, TLS_RSA_WITH_AES_256_CBC_SHA, TLS_RSA_WITH_AES_128_CBC_SHA, TLS_EMPTY_RENEGOTIATION_INFO_SCSV]
22:30:06.758 [main] DEBUG org.apache.hc.client5.http.ssl.SSLConnectionSocketFactory.executeHandshake(SSLConnectionSocketFactory.java:301)oggger - Starting handshake (null)
22:30:06.893 [main] DEBUG org.apache.hc.client5.http.ssl.TlsSessionValidator.verifySession(TlsSessionValidator.java:59)oggger - Secure session established
22:30:06.894 [main] DEBUG org.apache.hc.client5.http.ssl.TlsSessionValidator.verifySession(TlsSessionValidator.java:60)oggger -  negotiated protocol: TLSv1.3
22:30:06.894 [main] DEBUG org.apache.hc.client5.http.ssl.TlsSessionValidator.verifySession(TlsSessionValidator.java:61)oggger -  negotiated cipher suite: TLS_AES_128_GCM_SHA256
22:30:06.896 [main] DEBUG org.apache.hc.client5.http.ssl.TlsSessionValidator.verifySession(TlsSessionValidator.java:71)oggger -  peer principal: CN=*.github.io
22:30:06.896 [main] DEBUG org.apache.hc.client5.http.ssl.TlsSessionValidator.verifySession(TlsSessionValidator.java:80)oggger -  peer alternative names: [*.github.io, *.github.com, *.githubusercontent.com, github.com, github.io, githubusercontent.com, www.github.com]
22:30:06.896 [main] DEBUG org.apache.hc.client5.http.ssl.TlsSessionValidator.verifySession(TlsSessionValidator.java:84)oggger -  issuer principal: CN=Sectigo RSA Domain Validation Secure Server CA, O=Sectigo Limited, L=Salford, ST=Greater Manchester, C=GB
22:30:06.897 [main] DEBUG org.apache.hc.client5.http.impl.io.DefaultManagedHttpClientConnection.setSocketTimeout(DefaultManagedHttpClientConnection.java:165)oggger - http-outgoing-0 set socket timeout to 3 MINUTES
22:30:06.897 [main] DEBUG org.apache.hc.client5.http.impl.io.DefaultHttpClientConnectionOperator.connect(DefaultHttpClientConnectionOperator.java:185)oggger - raw.githubusercontent.com:443 connected null->raw.githubusercontent.com/185.199.108.133:443 as http-outgoing-0
22:30:06.898 [main] DEBUG org.apache.hc.client5.http.impl.io.PoolingHttpClientConnectionManager.connect(PoolingHttpClientConnectionManager.java:456)oggger - ep-0000000001 connected http-outgoing-0
22:30:06.898 [main] DEBUG org.apache.hc.client5.http.impl.classic.InternalExecRuntime.connectEndpoint(InternalExecRuntime.java:164)oggger - ep-0000000001 endpoint connected
22:30:06.899 [main] DEBUG org.apache.hc.client5.http.impl.classic.MainClientExec.execute(MainClientExec.java:107)oggger - ex-0000000001 executing GET /bonigarcia/webdrivermanager/master/src/main/resources/commands.properties HTTP/1.1
22:30:06.899 [main] DEBUG org.apache.hc.client5.http.protocol.RequestAddCookies.process(RequestAddCookies.java:129)oggger - ex-0000000001 Cookie spec selected: strict
22:30:06.906 [main] DEBUG org.apache.hc.client5.http.impl.classic.InternalExecRuntime.execute(InternalExecRuntime.java:214)oggger - ep-0000000001 start execution ex-0000000001
22:30:06.906 [main] DEBUG org.apache.hc.client5.http.impl.io.PoolingHttpClientConnectionManager$InternalConnectionEndpoint.execute(PoolingHttpClientConnectionManager.java:710)oggger - ep-0000000001 executing exchange ex-0000000001 over http-outgoing-0
22:30:06.906 [main] DEBUG org.apache.hc.client5.http.impl.io.DefaultManagedHttpClientConnection.onRequestSubmitted(DefaultManagedHttpClientConnection.java:200)oggger - http-outgoing-0 >> GET /bonigarcia/webdrivermanager/master/src/main/resources/commands.properties HTTP/1.1
22:30:06.906 [main] DEBUG org.apache.hc.client5.http.impl.io.DefaultManagedHttpClientConnection.onRequestSubmitted(DefaultManagedHttpClientConnection.java:203)oggger - http-outgoing-0 >> user-agent: Apache-HttpClient/5.0
22:30:06.907 [main] DEBUG org.apache.hc.client5.http.impl.io.DefaultManagedHttpClientConnection.onRequestSubmitted(DefaultManagedHttpClientConnection.java:203)oggger - http-outgoing-0 >> accept-encoding: gzip, deflate, br
22:30:06.907 [main] DEBUG org.apache.hc.client5.http.impl.io.DefaultManagedHttpClientConnection.onRequestSubmitted(DefaultManagedHttpClientConnection.java:203)oggger - http-outgoing-0 >> cache-control: max-age=0
22:30:06.907 [main] DEBUG org.apache.hc.client5.http.impl.io.DefaultManagedHttpClientConnection.onRequestSubmitted(DefaultManagedHttpClientConnection.java:203)oggger - http-outgoing-0 >> connection: keep-alive
22:30:06.907 [main] DEBUG org.apache.hc.client5.http.impl.io.DefaultManagedHttpClientConnection.onRequestSubmitted(DefaultManagedHttpClientConnection.java:203)oggger - http-outgoing-0 >> Host: raw.githubusercontent.com
22:30:06.907 [main] DEBUG org.apache.hc.client5.http.impl.Wire.wire(Wire.java:92)oggger - http-outgoing-0 >> "GET /bonigarcia/webdrivermanager/master/src/main/resources/commands.properties HTTP/1.1[\r][\n]"
22:30:06.907 [main] DEBUG org.apache.hc.client5.http.impl.Wire.wire(Wire.java:92)oggger - http-outgoing-0 >> "user-agent: Apache-HttpClient/5.0[\r][\n]"
22:30:06.907 [main] DEBUG org.apache.hc.client5.http.impl.Wire.wire(Wire.java:92)oggger - http-outgoing-0 >> "accept-encoding: gzip, deflate, br[\r][\n]"
22:30:06.908 [main] DEBUG org.apache.hc.client5.http.impl.Wire.wire(Wire.java:92)oggger - http-outgoing-0 >> "cache-control: max-age=0[\r][\n]"
22:30:06.908 [main] DEBUG org.apache.hc.client5.http.impl.Wire.wire(Wire.java:92)oggger - http-outgoing-0 >> "connection: keep-alive[\r][\n]"
22:30:06.908 [main] DEBUG org.apache.hc.client5.http.impl.Wire.wire(Wire.java:92)oggger - http-outgoing-0 >> "Host: raw.githubusercontent.com[\r][\n]"
22:30:06.908 [main] DEBUG org.apache.hc.client5.http.impl.Wire.wire(Wire.java:92)oggger - http-outgoing-0 >> "[\r][\n]"
22:30:06.924 [main] DEBUG org.apache.hc.client5.http.impl.Wire.wire(Wire.java:92)oggger - http-outgoing-0 << "HTTP/1.1 200 OK[\r][\n]"
22:30:06.924 [main] DEBUG org.apache.hc.client5.http.impl.Wire.wire(Wire.java:92)oggger - http-outgoing-0 << "Connection: keep-alive[\r][\n]"
22:30:06.924 [main] DEBUG org.apache.hc.client5.http.impl.Wire.wire(Wire.java:92)oggger - http-outgoing-0 << "Content-Length: 946[\r][\n]"
22:30:06.925 [main] DEBUG org.apache.hc.client5.http.impl.Wire.wire(Wire.java:92)oggger - http-outgoing-0 << "Cache-Control: max-age=300[\r][\n]"
22:30:06.925 [main] DEBUG org.apache.hc.client5.http.impl.Wire.wire(Wire.java:92)oggger - http-outgoing-0 << "Content-Security-Policy: default-src 'none'; style-src 'unsafe-inline'; sandbox[\r][\n]"
22:30:06.925 [main] DEBUG org.apache.hc.client5.http.impl.Wire.wire(Wire.java:92)oggger - http-outgoing-0 << "Content-Type: text/plain; charset=utf-8[\r][\n]"
22:30:06.925 [main] DEBUG org.apache.hc.client5.http.impl.Wire.wire(Wire.java:92)oggger - http-outgoing-0 << "ETag: W/"dc0c32cea2dfa86f6cf10513cf8a64e1e8817484a415b658b4eecd962d4deaee"[\r][\n]"
22:30:06.925 [main] DEBUG org.apache.hc.client5.http.impl.Wire.wire(Wire.java:92)oggger - http-outgoing-0 << "Strict-Transport-Security: max-age=31536000[\r][\n]"
22:30:06.925 [main] DEBUG org.apache.hc.client5.http.impl.Wire.wire(Wire.java:92)oggger - http-outgoing-0 << "X-Content-Type-Options: nosniff[\r][\n]"
22:30:06.925 [main] DEBUG org.apache.hc.client5.http.impl.Wire.wire(Wire.java:92)oggger - http-outgoing-0 << "X-Frame-Options: deny[\r][\n]"
22:30:06.925 [main] DEBUG org.apache.hc.client5.http.impl.Wire.wire(Wire.java:92)oggger - http-outgoing-0 << "X-XSS-Protection: 1; mode=block[\r][\n]"
22:30:06.926 [main] DEBUG org.apache.hc.client5.http.impl.Wire.wire(Wire.java:92)oggger - http-outgoing-0 << "X-GitHub-Request-Id: 81E4:26791F:15CA7CA:1B90CD8:682DE8F6[\r][\n]"
22:30:06.926 [main] DEBUG org.apache.hc.client5.http.impl.Wire.wire(Wire.java:92)oggger - http-outgoing-0 << "Content-Encoding: gzip[\r][\n]"
22:30:06.926 [main] DEBUG org.apache.hc.client5.http.impl.Wire.wire(Wire.java:92)oggger - http-outgoing-0 << "Accept-Ranges: bytes[\r][\n]"
22:30:06.926 [main] DEBUG org.apache.hc.client5.http.impl.Wire.wire(Wire.java:92)oggger - http-outgoing-0 << "Date: Sun, 25 May 2025 05:30:07 GMT[\r][\n]"
22:30:06.926 [main] DEBUG org.apache.hc.client5.http.impl.Wire.wire(Wire.java:92)oggger - http-outgoing-0 << "Via: 1.1 varnish[\r][\n]"
22:30:06.926 [main] DEBUG org.apache.hc.client5.http.impl.Wire.wire(Wire.java:92)oggger - http-outgoing-0 << "X-Served-By: cache-bfi-krnt7300044-BFI[\r][\n]"
22:30:06.926 [main] DEBUG org.apache.hc.client5.http.impl.Wire.wire(Wire.java:92)oggger - http-outgoing-0 << "X-Cache: HIT[\r][\n]"
22:30:06.926 [main] DEBUG org.apache.hc.client5.http.impl.Wire.wire(Wire.java:92)oggger - http-outgoing-0 << "X-Cache-Hits: 3[\r][\n]"
22:30:06.927 [main] DEBUG org.apache.hc.client5.http.impl.Wire.wire(Wire.java:92)oggger - http-outgoing-0 << "X-Timer: S1748151007.055587,VS0,VE0[\r][\n]"
22:30:06.927 [main] DEBUG org.apache.hc.client5.http.impl.Wire.wire(Wire.java:92)oggger - http-outgoing-0 << "Vary: Authorization,Accept-Encoding,Origin[\r][\n]"
22:30:06.927 [main] DEBUG org.apache.hc.client5.http.impl.Wire.wire(Wire.java:92)oggger - http-outgoing-0 << "Access-Control-Allow-Origin: *[\r][\n]"
22:30:06.927 [main] DEBUG org.apache.hc.client5.http.impl.Wire.wire(Wire.java:92)oggger - http-outgoing-0 << "Cross-Origin-Resource-Policy: cross-origin[\r][\n]"
22:30:06.927 [main] DEBUG org.apache.hc.client5.http.impl.Wire.wire(Wire.java:92)oggger - http-outgoing-0 << "X-Fastly-Request-ID: 079774c02da64263e3b9daf553142a604d1a9b9e[\r][\n]"
22:30:06.927 [main] DEBUG org.apache.hc.client5.http.impl.Wire.wire(Wire.java:92)oggger - http-outgoing-0 << "Expires: Sun, 25 May 2025 05:35:07 GMT[\r][\n]"
22:30:06.927 [main] DEBUG org.apache.hc.client5.http.impl.Wire.wire(Wire.java:92)oggger - http-outgoing-0 << "Source-Age: 196[\r][\n]"
22:30:06.927 [main] DEBUG org.apache.hc.client5.http.impl.Wire.wire(Wire.java:92)oggger - http-outgoing-0 << "[\r][\n]"
22:30:06.931 [main] DEBUG org.apache.hc.client5.http.impl.io.DefaultManagedHttpClientConnection.onResponseReceived(DefaultManagedHttpClientConnection.java:189)oggger - http-outgoing-0 << HTTP/1.1 200 OK
22:30:06.931 [main] DEBUG org.apache.hc.client5.http.impl.io.DefaultManagedHttpClientConnection.onResponseReceived(DefaultManagedHttpClientConnection.java:192)oggger - http-outgoing-0 << Connection: keep-alive
22:30:06.931 [main] DEBUG org.apache.hc.client5.http.impl.io.DefaultManagedHttpClientConnection.onResponseReceived(DefaultManagedHttpClientConnection.java:192)oggger - http-outgoing-0 << Content-Length: 946
22:30:06.931 [main] DEBUG org.apache.hc.client5.http.impl.io.DefaultManagedHttpClientConnection.onResponseReceived(DefaultManagedHttpClientConnection.java:192)oggger - http-outgoing-0 << Cache-Control: max-age=300
22:30:06.931 [main] DEBUG org.apache.hc.client5.http.impl.io.DefaultManagedHttpClientConnection.onResponseReceived(DefaultManagedHttpClientConnection.java:192)oggger - http-outgoing-0 << Content-Security-Policy: default-src 'none'; style-src 'unsafe-inline'; sandbox
22:30:06.931 [main] DEBUG org.apache.hc.client5.http.impl.io.DefaultManagedHttpClientConnection.onResponseReceived(DefaultManagedHttpClientConnection.java:192)oggger - http-outgoing-0 << Content-Type: text/plain; charset=utf-8
22:30:06.931 [main] DEBUG org.apache.hc.client5.http.impl.io.DefaultManagedHttpClientConnection.onResponseReceived(DefaultManagedHttpClientConnection.java:192)oggger - http-outgoing-0 << ETag: W/"dc0c32cea2dfa86f6cf10513cf8a64e1e8817484a415b658b4eecd962d4deaee"
22:30:06.932 [main] DEBUG org.apache.hc.client5.http.impl.io.DefaultManagedHttpClientConnection.onResponseReceived(DefaultManagedHttpClientConnection.java:192)oggger - http-outgoing-0 << Strict-Transport-Security: max-age=31536000
22:30:06.932 [main] DEBUG org.apache.hc.client5.http.impl.io.DefaultManagedHttpClientConnection.onResponseReceived(DefaultManagedHttpClientConnection.java:192)oggger - http-outgoing-0 << X-Content-Type-Options: nosniff
22:30:06.932 [main] DEBUG org.apache.hc.client5.http.impl.io.DefaultManagedHttpClientConnection.onResponseReceived(DefaultManagedHttpClientConnection.java:192)oggger - http-outgoing-0 << X-Frame-Options: deny
22:30:06.932 [main] DEBUG org.apache.hc.client5.http.impl.io.DefaultManagedHttpClientConnection.onResponseReceived(DefaultManagedHttpClientConnection.java:192)oggger - http-outgoing-0 << X-XSS-Protection: 1; mode=block
22:30:06.932 [main] DEBUG org.apache.hc.client5.http.impl.io.DefaultManagedHttpClientConnection.onResponseReceived(DefaultManagedHttpClientConnection.java:192)oggger - http-outgoing-0 << X-GitHub-Request-Id: 81E4:26791F:15CA7CA:1B90CD8:682DE8F6
22:30:06.932 [main] DEBUG org.apache.hc.client5.http.impl.io.DefaultManagedHttpClientConnection.onResponseReceived(DefaultManagedHttpClientConnection.java:192)oggger - http-outgoing-0 << Content-Encoding: gzip
22:30:06.932 [main] DEBUG org.apache.hc.client5.http.impl.io.DefaultManagedHttpClientConnection.onResponseReceived(DefaultManagedHttpClientConnection.java:192)oggger - http-outgoing-0 << Accept-Ranges: bytes
22:30:06.932 [main] DEBUG org.apache.hc.client5.http.impl.io.DefaultManagedHttpClientConnection.onResponseReceived(DefaultManagedHttpClientConnection.java:192)oggger - http-outgoing-0 << Date: Sun, 25 May 2025 05:30:07 GMT
22:30:06.933 [main] DEBUG org.apache.hc.client5.http.impl.io.DefaultManagedHttpClientConnection.onResponseReceived(DefaultManagedHttpClientConnection.java:192)oggger - http-outgoing-0 << Via: 1.1 varnish
22:30:06.933 [main] DEBUG org.apache.hc.client5.http.impl.io.DefaultManagedHttpClientConnection.onResponseReceived(DefaultManagedHttpClientConnection.java:192)oggger - http-outgoing-0 << X-Served-By: cache-bfi-krnt7300044-BFI
22:30:06.933 [main] DEBUG org.apache.hc.client5.http.impl.io.DefaultManagedHttpClientConnection.onResponseReceived(DefaultManagedHttpClientConnection.java:192)oggger - http-outgoing-0 << X-Cache: HIT
22:30:06.933 [main] DEBUG org.apache.hc.client5.http.impl.io.DefaultManagedHttpClientConnection.onResponseReceived(DefaultManagedHttpClientConnection.java:192)oggger - http-outgoing-0 << X-Cache-Hits: 3
22:30:06.933 [main] DEBUG org.apache.hc.client5.http.impl.io.DefaultManagedHttpClientConnection.onResponseReceived(DefaultManagedHttpClientConnection.java:192)oggger - http-outgoing-0 << X-Timer: S1748151007.055587,VS0,VE0
22:30:06.933 [main] DEBUG org.apache.hc.client5.http.impl.io.DefaultManagedHttpClientConnection.onResponseReceived(DefaultManagedHttpClientConnection.java:192)oggger - http-outgoing-0 << Vary: Authorization,Accept-Encoding,Origin
22:30:06.933 [main] DEBUG org.apache.hc.client5.http.impl.io.DefaultManagedHttpClientConnection.onResponseReceived(DefaultManagedHttpClientConnection.java:192)oggger - http-outgoing-0 << Access-Control-Allow-Origin: *
22:30:06.933 [main] DEBUG org.apache.hc.client5.http.impl.io.DefaultManagedHttpClientConnection.onResponseReceived(DefaultManagedHttpClientConnection.java:192)oggger - http-outgoing-0 << Cross-Origin-Resource-Policy: cross-origin
22:30:06.933 [main] DEBUG org.apache.hc.client5.http.impl.io.DefaultManagedHttpClientConnection.onResponseReceived(DefaultManagedHttpClientConnection.java:192)oggger - http-outgoing-0 << X-Fastly-Request-ID: 079774c02da64263e3b9daf553142a604d1a9b9e
22:30:06.934 [main] DEBUG org.apache.hc.client5.http.impl.io.DefaultManagedHttpClientConnection.onResponseReceived(DefaultManagedHttpClientConnection.java:192)oggger - http-outgoing-0 << Expires: Sun, 25 May 2025 05:35:07 GMT
22:30:06.934 [main] DEBUG org.apache.hc.client5.http.impl.io.DefaultManagedHttpClientConnection.onResponseReceived(DefaultManagedHttpClientConnection.java:192)oggger - http-outgoing-0 << Source-Age: 196
22:30:06.937 [main] DEBUG org.apache.hc.client5.http.impl.classic.MainClientExec.execute(MainClientExec.java:138)oggger - ex-0000000001 connection can be kept alive for 3 MINUTES
22:30:06.958 [main] DEBUG org.apache.hc.client5.http.impl.Wire.wire(Wire.java:92)oggger - http-outgoing-0 << "[0x1f][0xffffff8b][0x8][0x0][0x0][0x0][0x0][0x0][0x0][0x3][0xffffffb5]X[0xffffffd1]n[0xffffffda]0[0x14]}[0xffffffe7]+,[0xffffffba]J [0x11][0xffffffb2][0x1][0xffffffeb][0xffffffaa]Jy[0xffffffa0][0x19]e[0xffffffd5][0xffffffa8]`[0xffffffd0]v[0xffffff9b][0xffffffe4][0x17][0xffffff93]8`)[0xffffff89]Q[0xffffff9c]@[0xffffffb7][0xffffffa9][0xfffffffb][0xfffffff6]9NB[0xffffffe3]$[0xc]H[0xffffffe0][0xffffffad][0xffffff8e][0xffffff8f][0xffffffef]97[0xffffffdc]s}[0xffffffd3][0xb][0xffffffa0]S[0xffffffc7]A[0xffffffae][0xffffffc9][0xffffff80][0xffffff89]|4G[0xc][0xffffffd7].[0xffffffc0][0xffffffe3][0xffffff92]0`[0x11][0x1b][0x3][0xffffff83][0xffffffba]>".[0x3][0xfffffffe]2\[0xffffffc4]P[0xffffff9f][0xffffff82]9[0x6][0xfffffff8][0x5][0x1b][0xffffff81][0xffffff8f]M@\[0xffffffb1][0xffffffcd][0xffffff96][0xffffffd8][0xffffffb6][0xffffffc3][0x5][0xfffffff5]L[0xffffffec][0xffffff85] [0x13][0xfffffffb][0xffffffd8][0xfffffff0][0xffffffc5][0xffffffe6][0x1a]{[0xffffff8c]P[0xffffffbe]g[0x1][0xffffffcc][0xffffffff]^x[0x18][0xffffffbb]`[0xffffffee][0xffffffd1][\r][0xffffffe3][0x1b][0xffffff9c][0xffffffb2][0xffffffa1]/=[0xffffffea][0xffffffe0][0x16][0xffffffb8]#[0x1e][0xffffffb6][0xffffffe8]K[0xb][0xffffff8c]W[0xffffffd8]C-00[0x17][0xfffffffc][0xffffffa9][0xffffffd8]%[0xffffff81][0xffffffd3][0xc][0xffffffe3][0xffffff9b][0xffffffc4][0xffffffb2][0xffffffb0][0xffffff87]][0x1f][0xffffffd0][0x10][0xffffffe3][0x13]w[0x1][0xffffffd8]/[0xffffffe6]c[0xffffff87][0xffffff81][0xffffffc6]w[0xffffffe2][0xffffff9a]<j[0xb][0xffffff8c][0xffffff88][0x1b][0xfffffff0]0[0xf][0xffffffc8][0x0][0xffffffe3]Y[0xffffffb3][0xffffffc6]9"[0xffffff8a]Z[0xffffff9c]F[0xffffffdb][0x10][0xffffffcb][0xfffffff6]&:[0xffffffd0]~[0xffffffff]A3[0x1c][0xffffffb3][0xffffffcd][0xffffffb3][0x2][0xffffffaa][0xe]6[0xe]1[0xffffffc4]+[0x11][0xffffffaf]a[0xffffffb3][0xffffffe4]|[0xffffffc0]E[0xe][0xffffffd6][0xffffffea][0xffffff97][0xffffff93][0xffffffe9]x8[0xffffffed]?[0xffffffdc][0xffffffdd][0xffffff8f][0x6][0xffffffb3][0x1b][0xffffffa8]Ax[0x9][0xffffffe1][0xffffff90][0xffffffd2][0xffffff85][0xffffff8d]![0xffffff8c]( [0xffffffec][0xffffffaf]V61[0xffffffb8]4[0xffffffea]B[0x18][0x13][0xfffffff1][0xffffffc8]u[0xffffffb0][0xffffffc0]>x[0xffffff8e][0xffffffdf][0xffffff85][0xffffffba]Fv[0xffffffb0][O[0xffffffa7][0xffffff84][0xffffff9e][0xffffffc6][0xffffff8f][0xffffffeb][0xffffffab][0xffffffe6]9Eu[0xf][0x14]5[0x1a][0xffffffeb][0xfffffffd]Q[0x7f]2[0xfffffff9][0xffffffdc][0x7f][0xffffffec][0xffffff9f]SOO[0xffffff9b][0xe][0xffffff86][0xffffffe0][0xffffffdb][0xffffffd3]`[0xfffffffa][0x13]|[0xfffffff9][0xffffffaa]?[0xffffffc1][0x19][0xffffffb5][0xfffffffc][\r][0xfffffff2]p[0xffffffc2][0x16][0xffffff93][0xffffffdd][0xffffff8e]n12D[0xffffffbc][0xffffffa4][0x16]w[0xffffffc6][0xfffffffc][0xffffffa8][0xffffffad][0xffffffe8][0xffffff86]c[0xffffffc2]z[0x16][0xffffffa9]*[0xffffffb1]I@c[0xffffff88]}[0xffffffe5][0xffffff9e][0x17][0x1a][0xffffffa8][0xffffffbf][0xfffffffb][0xffffff83][0xffffffdd][0xfffffff5]M:[0xffffffcd][0xffffffd7][0xc]e:[0xffffffbd]Tv[0xffffffcd]v[0xffffff9c][0xffffffda][0xffffffbd]k[0xffffffd1][0xfffffff6][0xffffffc4][0xffffffa3]f`[0xfffffff8][0xffffffcf]{$][0x1d].)W[0xe][0xffffffe7][0xffffffd4][0xfffffff5][0xffffffa9][0xffffff9c][0xffffffae]SH[0xffffffca]j[0xffffffb2]C[0xffffffbf][0xffffff87].V[0x3][0xffffffe6][0xffffffa9]s[0xffffffe2][0xffffffaa][0xb][0xffffffc1][0xffffffa1]D[0xfffffffb]@Qv[0xfffffffc][0xffffffee][0xfffffff1][0xffffffc1][0xffffff8e][0xffffffb6][0xb][0xffffff9f]=[0xffffffe0] C[0xfffffff0][0xffffffa4]T35J([0xffffffee]1m[0xffffffb4]Z[0xffffffa9]:[0xffffffef][0xffffff9d][0xffffffbc]I1[0xffffff95][0xffffffb7][0xffffffa0][0xfffffff1]L[0x6][0xffffffa4][0xffffffa3][0xfffffff3][0xffffffce][0x14]7[0xffffffbd]-[0xffffff91][0x15][0xffffffad]O[0xffffffd3][0xffffff9b][0x1e][0xffffffe8]ob[0xffffffdb](![0xffffff81]0[0xffffff89][0xffffffbe][0xffffffcf]k9[0x15][0xffffff95];[0xffffffd2][0xffffffe9][0xffffffa4]tS[0xffffffbe][0xffffffaf][0xffffffcb][0xffffffc6][0xffffff8f]I[0xffffffb2]d[0xfffffff5][0xffffffd0][0xfffffffa]z[0xffffffe0][0xffffff85][0x17]G[0xffffffb6][0xffffffac]s[0xffffffe1]{[0xffffff95][0xfffffffc][0x16]1[0xffffffff][0xfffffffd] [0xffffffa5]w[0xffffff90][0xffffffbf]rB[0xffffff8e][0xffffffe8]E[0xffffffb2][0xffffffc1][0xffffff8e][0xffffffd7][0xffffff90][0x13][0xffffff91]wT[0xffffffbc][0x3][0xffffff94][0xfffffff5].pGKar[0xffffffa0]B[0xffffffe7][0xffffffc4][0xffffffbf]O[0xffffff91]g[0xffffffd2][0xffffffb1][0xffffffb8]M[0xffffffc2]Y`[0x1b][0x13][0xfffffff3]E5[0xffffff83][0xffffffc8][0xffffffa5]I[0xc][0xffffff8f]2^C[0x10][0xffffff86]4[0xffffff99][0xffffffdb][0xffffffc9]a[0xffffff82]n_[0xffffff99][0xffffffca][0xffffff9a][0xffffffca][0xffffffd8][0xffffffe5][0xffffff8c]r[0xffffffba];[0xffffffaf][0xffffffca]72[0xffffffc1][0xfffffff5][0xffffffbf][0xffffffbb]R[0xe]Y[0xffffffd2]&[0xffffffaf]Y[0xffffffc6]tr[0xffffffa9][0xffffffdc][0xe][0xffffffb2][0xffffff8c][0xffffffac][0xffffffa8][0xffffffa4]_[0x12][0xffffffe3]V[0xffffff97]U[0xffffff93][0xffffff85][0xffffffe5]=[0xffffffe4]$[0x1c]J[0x8]([0xffffffb8][0xffffff96][0xffffffd2][0xffffffe7]:[0xffffffda]N[0xffffffb8][0xffffff8c]/t[0xffffffd6]6[0x1d][0xffffffe1][0xffffff9c]"[0xffffff83][0xffffffc9][0x8] ]Jb[0x0][0xffffffdf][0xffffffb2][0xffffff88]Q[0xfffffffb]x[0xffffffbf][0x15][0xffffffcd][0xffffff81][0xfffffffc][0xffffff8d]-<[0xffffffe4]0[0x8][0x5][0x5][0xffffff84]Q[0xffffffec]}[0xffffffd5][0xffffff9c]QP[0xffffffc5]][0xffffffa7]QPe[0x16][0xffffff8e]ym[0x14][0xffffffb8][0x6][0xffffffc7][0x1e]K[0xffffffdd][0xffffffab][0xffffff90]|E[0xffffffea][0xffffffd2]7R[0xffffffc4]+[0xffffffd1][0x1e]d[0xfffffff0][0xc][0xffffffff][0x11][0xffffffa3][0xffffffb0]<[0xffffff9d][0xffffff9f][0xffffff88][0xffffffbf][0xfffffff4][0xffffffc8][0xffffffbb]-[0xffffffba]H[0xffffffc8][[0xffffffc9][0xffffff95]Qq][0xfffffff6]-[0xffffff94]S[0xffffff91][0xffffff91][0xffffff91][0xffffffef]j[0xffffffe2]yA3[0xffffff93][0xfffffff0][0x1d]-[0xb][0xffffffcb][0xffffffe0][\n]"
22:30:06.959 [main] DEBUG org.apache.hc.client5.http.impl.Wire.wire(Wire.java:106)oggger - http-outgoing-0 << "[0xffffffbb][0xffffff98][0x10]Z[0xffffffd4][0xffffffbc][0xffffffc6][0xffffffd9]`[0xffffffc9]7>[0x9][0x1c]yf[0xffffffe7][0xf]N[0xffffffd3][0xffffffba][0xffffff92][0xfffffff0][0x15]>^%-[0xffffff95]'[0xffffffea]S[0xb]:[0xffffffb4][0xffffffa7][0x15]5[0xffffff96]Sk)=]l[0xffffff85]T[0xfffffffe][0xffffffd4][0xffffff95][0xfffffff4]T[0xffffff9b]-[0xffffffce]$[0xffffffaa]t;[0xffffffac][0xffffffa4]'/([0xffffffdf][0x12][0xffffff92]-%[0xfffffffe]7[0xffffffdf][0xffffffae]/[0xfffffff0][0xffffffd4]in[0xffffff87][0xffffffe3][0xf]u[0xfffffff3][0xffffff94][0x7][0xffffff9c][0xffffffea]i[0x5][0xffffffe0]<[0xffffffba][0xffffffb0]#%[0xffffffaf][0xffffffae][0xffffffa8])[0xffffffe9][0x5]Q/[0xffffffc0][0xc]Y[0xffffffc8]#[0xffffffdb][0xfffffff0]L,[0xffffff8b][0xffffff83]G[0xffffffd0][0xffffffa2][0xffffffd0][0xffffffd1]N*[0xfffffff0]?l[0x1d]d@[0xffffffbe][0x15][0x0][0x0]"
22:30:06.960 [main] DEBUG org.apache.hc.client5.http.impl.classic.InternalExecRuntime.releaseEndpoint(InternalExecRuntime.java:256)oggger - ep-0000000001 releasing valid endpoint
22:30:06.960 [main] DEBUG org.apache.hc.client5.http.impl.io.PoolingHttpClientConnectionManager.release(PoolingHttpClientConnectionManager.java:389)oggger - ep-0000000001 releasing endpoint
22:30:06.960 [main] DEBUG org.apache.hc.client5.http.impl.io.PoolingHttpClientConnectionManager.release(PoolingHttpClientConnectionManager.java:408)oggger - ep-0000000001 connection http-outgoing-0 can be kept alive for 3 MINUTES
22:30:06.961 [main] DEBUG org.apache.hc.client5.http.impl.io.PoolingHttpClientConnectionManager.release(PoolingHttpClientConnectionManager.java:421)oggger - ep-0000000001 connection released [route: {s}->https://raw.githubusercontent.com:443][total available: 1; route allocated: 1 of 5; total allocated: 1 of 25]
22:30:06.961 [main] DEBUG io.github.bonigarcia.wdm.versions.VersionDetector.getBrowserVersionFromTheShell(VersionDetector.java:238)oggger - Detecting edge version using online commands.properties
22:30:06.963 [main] DEBUG io.github.bonigarcia.wdm.versions.Shell.runAndWaitArray(Shell.java:65)oggger - Running command on the shell: [cmd.exe, /C, wmic, datafile, where, name="%PROGRAMFILES(X86):\=\\%\\Microsoft\\Edge\\Application\\msedge.exe", get, Version, /value]
22:30:07.166 [main] DEBUG io.github.bonigarcia.wdm.versions.Shell.runAndWaitArray(Shell.java:69)oggger - Result: Version=136.0.3240.92
22:30:07.169 [main] DEBUG org.apache.hc.client5.http.impl.classic.InternalHttpClient.doExecute(InternalHttpClient.java:164)oggger - ex-0000000002 preparing request execution
22:30:07.170 [main] DEBUG org.apache.hc.client5.http.impl.classic.ProtocolExec.execute(ProtocolExec.java:181)oggger - ex-0000000002 target auth state: UNCHALLENGED
22:30:07.170 [main] DEBUG org.apache.hc.client5.http.impl.classic.ProtocolExec.execute(ProtocolExec.java:187)oggger - ex-0000000002 proxy auth state: UNCHALLENGED
22:30:07.170 [main] DEBUG org.apache.hc.client5.http.impl.classic.ConnectExec.execute(ConnectExec.java:123)oggger - ex-0000000002 acquiring connection with route {s}->https://msedgedriver.azureedge.net:443
22:30:07.170 [main] DEBUG org.apache.hc.client5.http.impl.classic.InternalExecRuntime.acquireEndpoint(InternalExecRuntime.java:101)oggger - ex-0000000002 acquiring endpoint (3 MINUTES)
22:30:07.171 [main] DEBUG org.apache.hc.client5.http.impl.io.PoolingHttpClientConnectionManager.lease(PoolingHttpClientConnectionManager.java:296)oggger - ex-0000000002 endpoint lease request (3 MINUTES) [route: {s}->https://msedgedriver.azureedge.net:443][total available: 1; route allocated: 0 of 5; total allocated: 1 of 25]
22:30:07.171 [main] DEBUG org.apache.hc.client5.http.impl.io.PoolingHttpClientConnectionManager$3.get(PoolingHttpClientConnectionManager.java:318)oggger - ex-0000000002 endpoint leased [route: {s}->https://msedgedriver.azureedge.net:443][total available: 1; route allocated: 1 of 5; total allocated: 2 of 25]
22:30:07.171 [main] DEBUG org.apache.hc.client5.http.impl.io.PoolingHttpClientConnectionManager$3.get(PoolingHttpClientConnectionManager.java:360)oggger - ex-0000000002 acquired ep-0000000002
22:30:07.171 [main] DEBUG org.apache.hc.client5.http.impl.classic.InternalExecRuntime.acquireEndpoint(InternalExecRuntime.java:116)oggger - ex-0000000002 acquired endpoint ep-0000000002
22:30:07.171 [main] DEBUG org.apache.hc.client5.http.impl.classic.ConnectExec.execute(ConnectExec.java:130)oggger - ex-0000000002 opening connection {s}->https://msedgedriver.azureedge.net:443
22:30:07.171 [main] DEBUG org.apache.hc.client5.http.impl.classic.InternalExecRuntime.connectEndpoint(InternalExecRuntime.java:160)oggger - ep-0000000002 connecting endpoint (null)
22:30:07.171 [main] DEBUG org.apache.hc.client5.http.impl.io.PoolingHttpClientConnectionManager.connect(PoolingHttpClientConnectionManager.java:444)oggger - ep-0000000002 connecting endpoint to https://msedgedriver.azureedge.net:443 (30 SECONDS)
22:30:07.171 [main] DEBUG org.apache.hc.client5.http.impl.io.DefaultHttpClientConnectionOperator.connect(DefaultHttpClientConnectionOperator.java:138)oggger - msedgedriver.azureedge.net resolving remote address
22:30:07.214 [main] DEBUG org.apache.hc.client5.http.impl.io.DefaultHttpClientConnectionOperator.connect(DefaultHttpClientConnectionOperator.java:144)oggger - msedgedriver.azureedge.net resolved to [msedgedriver.azureedge.net/13.107.246.70, msedgedriver.azureedge.net/2620:1ec:bdf:0:0:0:0:70]
22:30:07.215 [main] DEBUG org.apache.hc.client5.http.impl.io.DefaultHttpClientConnectionOperator.connect(DefaultHttpClientConnectionOperator.java:177)oggger - msedgedriver.azureedge.net:443 connecting null->msedgedriver.azureedge.net/13.107.246.70:443 (30 SECONDS)
22:30:07.215 [main] DEBUG org.apache.hc.client5.http.ssl.SSLConnectionSocketFactory.connectSocket(SSLConnectionSocketFactory.java:226)oggger - Connecting socket to msedgedriver.azureedge.net/13.107.246.70:443 with timeout 30 SECONDS
22:30:07.248 [main] DEBUG org.apache.hc.client5.http.ssl.SSLConnectionSocketFactory.executeHandshake(SSLConnectionSocketFactory.java:299)oggger - Enabled protocols: [TLSv1.3, TLSv1.2]
22:30:07.248 [main] DEBUG org.apache.hc.client5.http.ssl.SSLConnectionSocketFactory.executeHandshake(SSLConnectionSocketFactory.java:300)oggger - Enabled cipher suites: [TLS_AES_256_GCM_SHA384, TLS_AES_128_GCM_SHA256, TLS_CHACHA20_POLY1305_SHA256, TLS_ECDHE_ECDSA_WITH_AES_256_GCM_SHA384, TLS_ECDHE_ECDSA_WITH_AES_128_GCM_SHA256, TLS_ECDHE_ECDSA_WITH_CHACHA20_POLY1305_SHA256, TLS_ECDHE_RSA_WITH_AES_256_GCM_SHA384, TLS_ECDHE_RSA_WITH_CHACHA20_POLY1305_SHA256, TLS_ECDHE_RSA_WITH_AES_128_GCM_SHA256, TLS_DHE_RSA_WITH_AES_256_GCM_SHA384, TLS_DHE_RSA_WITH_CHACHA20_POLY1305_SHA256, TLS_DHE_DSS_WITH_AES_256_GCM_SHA384, TLS_DHE_RSA_WITH_AES_128_GCM_SHA256, TLS_DHE_DSS_WITH_AES_128_GCM_SHA256, TLS_ECDHE_ECDSA_WITH_AES_256_CBC_SHA384, TLS_ECDHE_RSA_WITH_AES_256_CBC_SHA384, TLS_ECDHE_ECDSA_WITH_AES_128_CBC_SHA256, TLS_ECDHE_RSA_WITH_AES_128_CBC_SHA256, TLS_DHE_RSA_WITH_AES_256_CBC_SHA256, TLS_DHE_DSS_WITH_AES_256_CBC_SHA256, TLS_DHE_RSA_WITH_AES_128_CBC_SHA256, TLS_DHE_DSS_WITH_AES_128_CBC_SHA256, TLS_ECDHE_ECDSA_WITH_AES_256_CBC_SHA, TLS_ECDHE_RSA_WITH_AES_256_CBC_SHA, TLS_ECDHE_ECDSA_WITH_AES_128_CBC_SHA, TLS_ECDHE_RSA_WITH_AES_128_CBC_SHA, TLS_DHE_RSA_WITH_AES_256_CBC_SHA, TLS_DHE_DSS_WITH_AES_256_CBC_SHA, TLS_DHE_RSA_WITH_AES_128_CBC_SHA, TLS_DHE_DSS_WITH_AES_128_CBC_SHA, TLS_RSA_WITH_AES_256_GCM_SHA384, TLS_RSA_WITH_AES_128_GCM_SHA256, TLS_RSA_WITH_AES_256_CBC_SHA256, TLS_RSA_WITH_AES_128_CBC_SHA256, TLS_RSA_WITH_AES_256_CBC_SHA, TLS_RSA_WITH_AES_128_CBC_SHA, TLS_EMPTY_RENEGOTIATION_INFO_SCSV]
22:30:07.248 [main] DEBUG org.apache.hc.client5.http.ssl.SSLConnectionSocketFactory.executeHandshake(SSLConnectionSocketFactory.java:301)oggger - Starting handshake (null)
22:30:07.325 [main] DEBUG org.apache.hc.client5.http.ssl.TlsSessionValidator.verifySession(TlsSessionValidator.java:59)oggger - Secure session established
22:30:07.325 [main] DEBUG org.apache.hc.client5.http.ssl.TlsSessionValidator.verifySession(TlsSessionValidator.java:60)oggger -  negotiated protocol: TLSv1.3
22:30:07.326 [main] DEBUG org.apache.hc.client5.http.ssl.TlsSessionValidator.verifySession(TlsSessionValidator.java:61)oggger -  negotiated cipher suite: TLS_AES_256_GCM_SHA384
22:30:07.326 [main] DEBUG org.apache.hc.client5.http.ssl.TlsSessionValidator.verifySession(TlsSessionValidator.java:71)oggger -  peer principal: CN=*.azureedge.net, O=Microsoft Corporation, L=Redmond, ST=WA, C=US
22:30:07.326 [main] DEBUG org.apache.hc.client5.http.ssl.TlsSessionValidator.verifySession(TlsSessionValidator.java:80)oggger -  peer alternative names: [*.azureedge.net, *.media.microsoftstream.com, *.origin.mediaservices.windows.net, *.streaming.mediaservices.windows.net]
22:30:07.326 [main] DEBUG org.apache.hc.client5.http.ssl.TlsSessionValidator.verifySession(TlsSessionValidator.java:84)oggger -  issuer principal: CN=Microsoft Azure RSA TLS Issuing CA 07, O=Microsoft Corporation, C=US
22:30:07.326 [main] DEBUG org.apache.hc.client5.http.impl.io.DefaultManagedHttpClientConnection.setSocketTimeout(DefaultManagedHttpClientConnection.java:165)oggger - http-outgoing-1 set socket timeout to 3 MINUTES
22:30:07.327 [main] DEBUG org.apache.hc.client5.http.impl.io.DefaultHttpClientConnectionOperator.connect(DefaultHttpClientConnectionOperator.java:185)oggger - msedgedriver.azureedge.net:443 connected null->msedgedriver.azureedge.net/13.107.246.70:443 as http-outgoing-1
22:30:07.327 [main] DEBUG org.apache.hc.client5.http.impl.io.PoolingHttpClientConnectionManager.connect(PoolingHttpClientConnectionManager.java:456)oggger - ep-0000000002 connected http-outgoing-1
22:30:07.327 [main] DEBUG org.apache.hc.client5.http.impl.classic.InternalExecRuntime.connectEndpoint(InternalExecRuntime.java:164)oggger - ep-0000000002 endpoint connected
22:30:07.327 [main] DEBUG org.apache.hc.client5.http.impl.classic.MainClientExec.execute(MainClientExec.java:107)oggger - ex-0000000002 executing GET /LATEST_RELEASE_136_WINDOWS HTTP/1.1
22:30:07.327 [main] DEBUG org.apache.hc.client5.http.protocol.RequestAddCookies.process(RequestAddCookies.java:129)oggger - ex-0000000002 Cookie spec selected: strict
22:30:07.327 [main] DEBUG org.apache.hc.client5.http.impl.classic.InternalExecRuntime.execute(InternalExecRuntime.java:214)oggger - ep-0000000002 start execution ex-0000000002
22:30:07.327 [main] DEBUG org.apache.hc.client5.http.impl.io.PoolingHttpClientConnectionManager$InternalConnectionEndpoint.execute(PoolingHttpClientConnectionManager.java:710)oggger - ep-0000000002 executing exchange ex-0000000002 over http-outgoing-1
22:30:07.327 [main] DEBUG org.apache.hc.client5.http.impl.io.DefaultManagedHttpClientConnection.onRequestSubmitted(DefaultManagedHttpClientConnection.java:200)oggger - http-outgoing-1 >> GET /LATEST_RELEASE_136_WINDOWS HTTP/1.1
22:30:07.327 [main] DEBUG org.apache.hc.client5.http.impl.io.DefaultManagedHttpClientConnection.onRequestSubmitted(DefaultManagedHttpClientConnection.java:203)oggger - http-outgoing-1 >> user-agent: Apache-HttpClient/5.0
22:30:07.328 [main] DEBUG org.apache.hc.client5.http.impl.io.DefaultManagedHttpClientConnection.onRequestSubmitted(DefaultManagedHttpClientConnection.java:203)oggger - http-outgoing-1 >> accept-encoding: gzip, deflate, br
22:30:07.328 [main] DEBUG org.apache.hc.client5.http.impl.io.DefaultManagedHttpClientConnection.onRequestSubmitted(DefaultManagedHttpClientConnection.java:203)oggger - http-outgoing-1 >> cache-control: max-age=0
22:30:07.328 [main] DEBUG org.apache.hc.client5.http.impl.io.DefaultManagedHttpClientConnection.onRequestSubmitted(DefaultManagedHttpClientConnection.java:203)oggger - http-outgoing-1 >> connection: keep-alive
22:30:07.328 [main] DEBUG org.apache.hc.client5.http.impl.io.DefaultManagedHttpClientConnection.onRequestSubmitted(DefaultManagedHttpClientConnection.java:203)oggger - http-outgoing-1 >> Host: msedgedriver.azureedge.net
22:30:07.328 [main] DEBUG org.apache.hc.client5.http.impl.Wire.wire(Wire.java:92)oggger - http-outgoing-1 >> "GET /LATEST_RELEASE_136_WINDOWS HTTP/1.1[\r][\n]"
22:30:07.328 [main] DEBUG org.apache.hc.client5.http.impl.Wire.wire(Wire.java:92)oggger - http-outgoing-1 >> "user-agent: Apache-HttpClient/5.0[\r][\n]"
22:30:07.328 [main] DEBUG org.apache.hc.client5.http.impl.Wire.wire(Wire.java:92)oggger - http-outgoing-1 >> "accept-encoding: gzip, deflate, br[\r][\n]"
22:30:07.329 [main] DEBUG org.apache.hc.client5.http.impl.Wire.wire(Wire.java:92)oggger - http-outgoing-1 >> "cache-control: max-age=0[\r][\n]"
22:30:07.329 [main] DEBUG org.apache.hc.client5.http.impl.Wire.wire(Wire.java:92)oggger - http-outgoing-1 >> "connection: keep-alive[\r][\n]"
22:30:07.329 [main] DEBUG org.apache.hc.client5.http.impl.Wire.wire(Wire.java:92)oggger - http-outgoing-1 >> "Host: msedgedriver.azureedge.net[\r][\n]"
22:30:07.329 [main] DEBUG org.apache.hc.client5.http.impl.Wire.wire(Wire.java:92)oggger - http-outgoing-1 >> "[\r][\n]"
22:30:07.362 [main] DEBUG org.apache.hc.client5.http.impl.Wire.wire(Wire.java:92)oggger - http-outgoing-1 << "HTTP/1.1 200 OK[\r][\n]"
22:30:07.362 [main] DEBUG org.apache.hc.client5.http.impl.Wire.wire(Wire.java:92)oggger - http-outgoing-1 << "Date: Sun, 25 May 2025 05:30:07 GMT[\r][\n]"
22:30:07.362 [main] DEBUG org.apache.hc.client5.http.impl.Wire.wire(Wire.java:92)oggger - http-outgoing-1 << "Content-Type: application/octet-stream[\r][\n]"
22:30:07.362 [main] DEBUG org.apache.hc.client5.http.impl.Wire.wire(Wire.java:92)oggger - http-outgoing-1 << "Content-Length: 32[\r][\n]"
22:30:07.362 [main] DEBUG org.apache.hc.client5.http.impl.Wire.wire(Wire.java:92)oggger - http-outgoing-1 << "Connection: keep-alive[\r][\n]"
22:30:07.363 [main] DEBUG org.apache.hc.client5.http.impl.Wire.wire(Wire.java:92)oggger - http-outgoing-1 << "Last-Modified: Fri, 23 May 2025 17:57:45 GMT[\r][\n]"
22:30:07.363 [main] DEBUG org.apache.hc.client5.http.impl.Wire.wire(Wire.java:92)oggger - http-outgoing-1 << "ETag: 0x8DD9A23529A95F8[\r][\n]"
22:30:07.363 [main] DEBUG org.apache.hc.client5.http.impl.Wire.wire(Wire.java:92)oggger - http-outgoing-1 << "Vary: Origin[\r][\n]"
22:30:07.363 [main] DEBUG org.apache.hc.client5.http.impl.Wire.wire(Wire.java:92)oggger - http-outgoing-1 << "x-ms-request-id: 156b5758-401e-0027-4fdd-cc7fc4000000[\r][\n]"
22:30:07.363 [main] DEBUG org.apache.hc.client5.http.impl.Wire.wire(Wire.java:92)oggger - http-outgoing-1 << "x-ms-version: 2009-09-19[\r][\n]"
22:30:07.363 [main] DEBUG org.apache.hc.client5.http.impl.Wire.wire(Wire.java:92)oggger - http-outgoing-1 << "x-ms-lease-status: unlocked[\r][\n]"
22:30:07.363 [main] DEBUG org.apache.hc.client5.http.impl.Wire.wire(Wire.java:92)oggger - http-outgoing-1 << "x-ms-blob-type: BlockBlob[\r][\n]"
22:30:07.363 [main] DEBUG org.apache.hc.client5.http.impl.Wire.wire(Wire.java:92)oggger - http-outgoing-1 << "x-azure-ref: 20250525T053007Z-r1756c5c85fs4nwghC1YVRupun00000006ng00000000n4er[\r][\n]"
22:30:07.363 [main] DEBUG org.apache.hc.client5.http.impl.Wire.wire(Wire.java:92)oggger - http-outgoing-1 << "x-fd-int-roxy-purgeid: 0[\r][\n]"
22:30:07.364 [main] DEBUG org.apache.hc.client5.http.impl.Wire.wire(Wire.java:92)oggger - http-outgoing-1 << "X-Cache-Info: L1_T2[\r][\n]"
22:30:07.364 [main] DEBUG org.apache.hc.client5.http.impl.Wire.wire(Wire.java:92)oggger - http-outgoing-1 << "X-Cache: TCP_HIT[\r][\n]"
22:30:07.364 [main] DEBUG org.apache.hc.client5.http.impl.Wire.wire(Wire.java:92)oggger - http-outgoing-1 << "Accept-Ranges: bytes[\r][\n]"
22:30:07.364 [main] DEBUG org.apache.hc.client5.http.impl.Wire.wire(Wire.java:92)oggger - http-outgoing-1 << "[\r][\n]"
22:30:07.364 [main] DEBUG org.apache.hc.client5.http.impl.Wire.wire(Wire.java:92)oggger - http-outgoing-1 << "[0xffffffff][0xfffffffe]1[0x0]3[0x0]6[0x0].[0x0]0[0x0].[0x0]3[0x0]2[0x0]4[0x0]0[0x0].[0x0]9[0x0]2[0x0][\r][0x0][\n]"
22:30:07.364 [main] DEBUG org.apache.hc.client5.http.impl.Wire.wire(Wire.java:106)oggger - http-outgoing-1 << "[0x0]"
22:30:07.365 [main] DEBUG org.apache.hc.client5.http.impl.io.DefaultManagedHttpClientConnection.onResponseReceived(DefaultManagedHttpClientConnection.java:189)oggger - http-outgoing-1 << HTTP/1.1 200 OK
22:30:07.365 [main] DEBUG org.apache.hc.client5.http.impl.io.DefaultManagedHttpClientConnection.onResponseReceived(DefaultManagedHttpClientConnection.java:192)oggger - http-outgoing-1 << Date: Sun, 25 May 2025 05:30:07 GMT
22:30:07.365 [main] DEBUG org.apache.hc.client5.http.impl.io.DefaultManagedHttpClientConnection.onResponseReceived(DefaultManagedHttpClientConnection.java:192)oggger - http-outgoing-1 << Content-Type: application/octet-stream
22:30:07.366 [main] DEBUG org.apache.hc.client5.http.impl.io.DefaultManagedHttpClientConnection.onResponseReceived(DefaultManagedHttpClientConnection.java:192)oggger - http-outgoing-1 << Content-Length: 32
