22:30:07.366 [main] DEBUG org.apache.hc.client5.http.impl.io.DefaultManagedHttpClientConnection.onResponseReceived(DefaultManagedHttpClientConnection.java:192)oggger - http-outgoing-1 << Connection: keep-alive
22:30:07.369 [main] DEBUG org.apache.hc.client5.http.impl.io.DefaultManagedHttpClientConnection.onResponseReceived(DefaultManagedHttpClientConnection.java:192)oggger - http-outgoing-1 << Last-Modified: Fri, 23 May 2025 17:57:45 GMT
22:30:07.369 [main] DEBUG org.apache.hc.client5.http.impl.io.DefaultManagedHttpClientConnection.onResponseReceived(DefaultManagedHttpClientConnection.java:192)oggger - http-outgoing-1 << ETag: 0x8DD9A23529A95F8
22:30:07.370 [main] DEBUG org.apache.hc.client5.http.impl.io.DefaultManagedHttpClientConnection.onResponseReceived(DefaultManagedHttpClientConnection.java:192)oggger - http-outgoing-1 << Vary: Origin
22:30:07.370 [main] DEBUG org.apache.hc.client5.http.impl.io.DefaultManagedHttpClientConnection.onResponseReceived(DefaultManagedHttpClientConnection.java:192)oggger - http-outgoing-1 << x-ms-request-id: 156b5758-401e-0027-4fdd-cc7fc4000000
22:30:07.370 [main] DEBUG org.apache.hc.client5.http.impl.io.DefaultManagedHttpClientConnection.onResponseReceived(DefaultManagedHttpClientConnection.java:192)oggger - http-outgoing-1 << x-ms-version: 2009-09-19
22:30:07.370 [main] DEBUG org.apache.hc.client5.http.impl.io.DefaultManagedHttpClientConnection.onResponseReceived(DefaultManagedHttpClientConnection.java:192)oggger - http-outgoing-1 << x-ms-lease-status: unlocked
22:30:07.370 [main] DEBUG org.apache.hc.client5.http.impl.io.DefaultManagedHttpClientConnection.onResponseReceived(DefaultManagedHttpClientConnection.java:192)oggger - http-outgoing-1 << x-ms-blob-type: BlockBlob
22:30:07.370 [main] DEBUG org.apache.hc.client5.http.impl.io.DefaultManagedHttpClientConnection.onResponseReceived(DefaultManagedHttpClientConnection.java:192)oggger - http-outgoing-1 << x-azure-ref: 20250525T053007Z-r1756c5c85fs4nwghC1YVRupun00000006ng00000000n4er
22:30:07.370 [main] DEBUG org.apache.hc.client5.http.impl.io.DefaultManagedHttpClientConnection.onResponseReceived(DefaultManagedHttpClientConnection.java:192)oggger - http-outgoing-1 << x-fd-int-roxy-purgeid: 0
22:30:07.370 [main] DEBUG org.apache.hc.client5.http.impl.io.DefaultManagedHttpClientConnection.onResponseReceived(DefaultManagedHttpClientConnection.java:192)oggger - http-outgoing-1 << X-Cache-Info: L1_T2
22:30:07.371 [main] DEBUG org.apache.hc.client5.http.impl.io.DefaultManagedHttpClientConnection.onResponseReceived(DefaultManagedHttpClientConnection.java:192)oggger - http-outgoing-1 << X-Cache: TCP_HIT
22:30:07.371 [main] DEBUG org.apache.hc.client5.http.impl.io.DefaultManagedHttpClientConnection.onResponseReceived(DefaultManagedHttpClientConnection.java:192)oggger - http-outgoing-1 << Accept-Ranges: bytes
22:30:07.371 [main] DEBUG org.apache.hc.client5.http.impl.classic.MainClientExec.execute(MainClientExec.java:138)oggger - ex-0000000002 connection can be kept alive for 3 MINUTES
22:30:07.371 [main] DEBUG org.apache.hc.client5.http.impl.classic.InternalExecRuntime.releaseEndpoint(InternalExecRuntime.java:256)oggger - ep-0000000002 releasing valid endpoint
22:30:07.371 [main] DEBUG org.apache.hc.client5.http.impl.io.PoolingHttpClientConnectionManager.release(PoolingHttpClientConnectionManager.java:389)oggger - ep-0000000002 releasing endpoint
22:30:07.372 [main] DEBUG org.apache.hc.client5.http.impl.io.PoolingHttpClientConnectionManager.release(PoolingHttpClientConnectionManager.java:408)oggger - ep-0000000002 connection http-outgoing-1 can be kept alive for 3 MINUTES
22:30:07.372 [main] DEBUG org.apache.hc.client5.http.impl.io.PoolingHttpClientConnectionManager.release(PoolingHttpClientConnectionManager.java:421)oggger - ep-0000000002 connection released [route: {s}->https://msedgedriver.azureedge.net:443][total available: 2; route allocated: 1 of 5; total allocated: 2 of 25]
22:30:07.372 [main] DEBUG io.github.bonigarcia.wdm.versions.VersionDetector.getDriverVersionFromRepository(VersionDetector.java:159)oggger - Latest version of msedgedriver according to https://msedgedriver.azureedge.net/LATEST_RELEASE_136_WINDOWS is 136.0.3240.92
22:30:07.372 [main] INFO  io.github.bonigarcia.wdm.WebDriverManager.resolveDriverVersion(WebDriverManager.java:1219)oggger - Using msedgedriver 136.0.3240.92 (resolved driver for Edge 136)
22:30:07.375 [main] DEBUG io.github.bonigarcia.wdm.cache.ResolutionCache.putValueInResolutionCacheIfEmpty(ResolutionCache.java:119)oggger - Storing resolution edge=136 in cache (valid until 23:30:07 24/05/2025 PDT)
22:30:07.377 [main] DEBUG io.github.bonigarcia.wdm.cache.ResolutionCache.putValueInResolutionCacheIfEmpty(ResolutionCache.java:119)oggger - Storing resolution edge136=136.0.3240.92 in cache (valid until 22:30:07 25/05/2025 PDT)
22:30:07.380 [main] DEBUG io.github.bonigarcia.wdm.WebDriverManager.manage(WebDriverManager.java:1178)oggger - Driver msedgedriver 136.0.3240.92 found in cache
22:30:07.382 [main] INFO  io.github.bonigarcia.wdm.WebDriverManager.exportDriver(WebDriverManager.java:1281)oggger - Exporting webdriver.edge.driver as C:\Users\Lev\.cache\selenium\msedgedriver\win64\136.0.3240.92\msedgedriver.exe
22:30:10.124 [main] INFO  testCases.TC001_AccountRegistrationTest.verify_account_reqistration(TC001_AccountRegistrationTest.java:26)oggger - ***Starting Test Case***
22:30:10.125 [main] INFO  testCases.TC001_AccountRegistrationTest.verify_account_reqistration(TC001_AccountRegistrationTest.java:30)oggger - Clicked Register button
22:30:10.339 [main] INFO  testCases.TC001_AccountRegistrationTest.verify_account_reqistration(TC001_AccountRegistrationTest.java:35)oggger - Providing customer details..
22:30:17.867 [main] INFO  testCases.TC001_AccountRegistrationTest.verify_account_reqistration(TC001_AccountRegistrationTest.java:51)oggger - Validating expected message
22:30:17.899 [main] INFO  testCases.TC001_AccountRegistrationTest.verify_account_reqistration(TC001_AccountRegistrationTest.java:54)oggger - Confirmation message received: Registration successful!
22:30:17.899 [main] INFO  testCases.TC001_AccountRegistrationTest.verify_account_reqistration(TC001_AccountRegistrationTest.java:68)oggger - ***Finished Test Case***
22:30:17.900 [main] INFO  testCases.TC001_AccountRegistrationTest.verify_account_reqistration(TC001_AccountRegistrationTest.java:69)oggger - Launching URL: https://llvovsky.github.io/TestSite/registration/home.html
22:31:16.401 [main] DEBUG org.testng.log4testng.Logger.debug(Logger.java:82)oggger - suiteXmlPath: "C:\Users\Lev\eclipse-workspace\Opencart1\crossbrowserteting.xml"
22:31:16.464 [main] INFO  org.testng.log4testng.Logger.info(Logger.java:112)oggger - [XmlSuite] [WARN] 'parallel' value 'false' is no longer valid, defaulting to 'none'.
22:31:16.596 [main] INFO  org.testng.log4testng.Logger.info(Logger.java:112)oggger - [TestNG] Running:
  C:\Users\Lev\eclipse-workspace\Opencart1\crossbrowserteting.xml

22:31:16.641 [main] DEBUG io.github.bonigarcia.wdm.WebDriverManager.<init>(WebDriverManager.java:226)oggger - Using WebDriverManager 5.7.0
22:31:16.904 [main] DEBUG io.github.bonigarcia.wdm.cache.ResolutionCache.checkKeyInResolutionCache(ResolutionCache.java:186)oggger - Resolution chrome=137 in cache (valid until 23:15:17 24/05/2025 PDT)
22:31:16.905 [main] DEBUG io.github.bonigarcia.wdm.cache.ResolutionCache.checkKeyInResolutionCache(ResolutionCache.java:186)oggger - Resolution chrome137=137.0.7151.40 in cache (valid until 16:48:31 25/05/2025 PDT)
22:31:16.906 [main] INFO  io.github.bonigarcia.wdm.WebDriverManager.resolveDriverVersion(WebDriverManager.java:1219)oggger - Using chromedriver 137.0.7151.40 (resolved driver for Chrome 137)
22:31:16.919 [main] DEBUG io.github.bonigarcia.wdm.WebDriverManager.manage(WebDriverManager.java:1178)oggger - Driver chromedriver 137.0.7151.40 found in cache
22:31:16.920 [main] INFO  io.github.bonigarcia.wdm.WebDriverManager.exportDriver(WebDriverManager.java:1281)oggger - Exporting webdriver.chrome.driver as C:\Users\Lev\.cache\selenium\chromedriver\win64\137.0.7151.40\chromedriver.exe
22:31:18.243 [main] INFO  testCases.TC001_AccountRegistrationTest.verify_account_reqistration(TC001_AccountRegistrationTest.java:26)oggger - ***Starting Test Case***
22:31:18.258 [main] INFO  testCases.TC001_AccountRegistrationTest.verify_account_reqistration(TC001_AccountRegistrationTest.java:30)oggger - Clicked Register button
22:31:18.449 [main] INFO  testCases.TC001_AccountRegistrationTest.verify_account_reqistration(TC001_AccountRegistrationTest.java:35)oggger - Providing customer details..
22:31:26.003 [main] INFO  testCases.TC001_AccountRegistrationTest.verify_account_reqistration(TC001_AccountRegistrationTest.java:51)oggger - Validating expected message
22:31:26.026 [main] INFO  testCases.TC001_AccountRegistrationTest.verify_account_reqistration(TC001_AccountRegistrationTest.java:54)oggger - Confirmation message received: Registration successful!
22:31:26.028 [main] INFO  testCases.TC001_AccountRegistrationTest.verify_account_reqistration(TC001_AccountRegistrationTest.java:68)oggger - ***Finished Test Case***
22:31:26.028 [main] INFO  testCases.TC001_AccountRegistrationTest.verify_account_reqistration(TC001_AccountRegistrationTest.java:69)oggger - Launching URL: https://llvovsky.github.io/TestSite/registration/home.html
22:34:28.055 [main] DEBUG org.testng.log4testng.Logger.debug(Logger.java:82)oggger - suiteXmlPath: "C:\Users\Lev\eclipse-workspace\Opencart1\crossbrowserteting.xml"
22:34:28.120 [main] INFO  org.testng.log4testng.Logger.info(Logger.java:112)oggger - [XmlSuite] [WARN] 'parallel' value 'false' is no longer valid, defaulting to 'none'.
22:34:28.260 [main] INFO  org.testng.log4testng.Logger.info(Logger.java:112)oggger - [TestNG] Running:
  C:\Users\Lev\eclipse-workspace\Opencart1\crossbrowserteting.xml

22:34:28.305 [main] DEBUG io.github.bonigarcia.wdm.WebDriverManager.<init>(WebDriverManager.java:226)oggger - Using WebDriverManager 5.7.0
22:34:28.578 [main] DEBUG io.github.bonigarcia.wdm.cache.ResolutionCache.checkKeyInResolutionCache(ResolutionCache.java:186)oggger - Resolution chrome=137 in cache (valid until 23:15:17 24/05/2025 PDT)
22:34:28.579 [main] DEBUG io.github.bonigarcia.wdm.cache.ResolutionCache.checkKeyInResolutionCache(ResolutionCache.java:186)oggger - Resolution chrome137=137.0.7151.40 in cache (valid until 16:48:31 25/05/2025 PDT)
22:34:28.580 [main] INFO  io.github.bonigarcia.wdm.WebDriverManager.resolveDriverVersion(WebDriverManager.java:1219)oggger - Using chromedriver 137.0.7151.40 (resolved driver for Chrome 137)
22:34:28.597 [main] DEBUG io.github.bonigarcia.wdm.WebDriverManager.manage(WebDriverManager.java:1178)oggger - Driver chromedriver 137.0.7151.40 found in cache
22:34:28.598 [main] INFO  io.github.bonigarcia.wdm.WebDriverManager.exportDriver(WebDriverManager.java:1281)oggger - Exporting webdriver.chrome.driver as C:\Users\Lev\.cache\selenium\chromedriver\win64\137.0.7151.40\chromedriver.exe
22:34:29.958 [main] INFO  testCases.TC001_AccountRegistrationTest.verify_account_reqistration(TC001_AccountRegistrationTest.java:26)oggger - ***Starting Test Case***
22:34:29.976 [main] INFO  testCases.TC001_AccountRegistrationTest.verify_account_reqistration(TC001_AccountRegistrationTest.java:30)oggger - Clicked Register button
22:34:30.166 [main] INFO  testCases.TC001_AccountRegistrationTest.verify_account_reqistration(TC001_AccountRegistrationTest.java:35)oggger - Providing customer details..
22:34:37.752 [main] INFO  testCases.TC001_AccountRegistrationTest.verify_account_reqistration(TC001_AccountRegistrationTest.java:51)oggger - Validating expected message
22:34:37.775 [main] INFO  testCases.TC001_AccountRegistrationTest.verify_account_reqistration(TC001_AccountRegistrationTest.java:54)oggger - Confirmation message received: Registration successful!
22:34:37.777 [main] INFO  testCases.TC001_AccountRegistrationTest.verify_account_reqistration(TC001_AccountRegistrationTest.java:68)oggger - ***Finished Test Case***
22:34:37.777 [main] INFO  testCases.TC001_AccountRegistrationTest.verify_account_reqistration(TC001_AccountRegistrationTest.java:69)oggger - Launching URL: https://llvovsky.github.io/TestSite/registration/home.html
10:18:42.239 [main] DEBUG org.testng.log4testng.Logger.debug(Logger.java:82)oggger - suiteXmlPath: "C:\Users\Lev\AppData\Local\Temp\testng-eclipse--663482186\testng-customsuite.xml"
10:18:42.402 [main] INFO  org.testng.log4testng.Logger.info(Logger.java:112)oggger - [Utils] MethodGroupsHelper.collectMethodsByGroup() took 1 ms.
10:18:42.405 [main] INFO  org.testng.log4testng.Logger.info(Logger.java:112)oggger - [Utils] MethodGroupsHelper.sortMethods() took 1 ms.
10:18:42.407 [main] INFO  org.testng.log4testng.Logger.info(Logger.java:112)oggger - [Utils] MethodGroupsHelper.collectMethodsByGroup() took 0 ms.
10:18:42.407 [main] INFO  org.testng.log4testng.Logger.info(Logger.java:112)oggger - [Utils] MethodGroupsHelper.sortMethods() took 0 ms.
10:18:42.407 [main] INFO  org.testng.log4testng.Logger.info(Logger.java:112)oggger - [Utils] MethodGroupsHelper.collectMethodsByGroup() took 0 ms.
10:18:42.407 [main] INFO  org.testng.log4testng.Logger.info(Logger.java:112)oggger - [Utils] MethodGroupsHelper.sortMethods() took 0 ms.
10:18:42.408 [main] INFO  org.testng.log4testng.Logger.info(Logger.java:112)oggger - [Utils] MethodGroupsHelper.collectMethodsByGroup() took 0 ms.
10:18:42.408 [main] INFO  org.testng.log4testng.Logger.info(Logger.java:112)oggger - [Utils] MethodGroupsHelper.sortMethods() took 0 ms.
10:18:42.412 [main] INFO  org.testng.log4testng.Logger.info(Logger.java:112)oggger - [Utils] MethodGroupsHelper.collectMethodsByGroup() took 3 ms.
10:18:42.418 [main] INFO  org.testng.log4testng.Logger.info(Logger.java:112)oggger - [Utils] MethodGroupsHelper.sortMethods() took 6 ms.
10:18:42.419 [main] INFO  org.testng.log4testng.Logger.info(Logger.java:112)oggger - [Utils] MethodGroupsHelper.collectMethodsByGroup() took 0 ms.
10:18:42.420 [main] INFO  org.testng.log4testng.Logger.info(Logger.java:112)oggger - [Utils] MethodGroupsHelper.sortMethods() took 0 ms.
10:18:42.421 [main] INFO  org.testng.log4testng.Logger.info(Logger.java:112)oggger - [Utils] MethodGroupsHelper.collectMethodsByGroup() took 0 ms.
10:18:42.421 [main] INFO  org.testng.log4testng.Logger.info(Logger.java:112)oggger - [Utils] MethodGroupsHelper.sortMethods() took 0 ms.
10:18:42.421 [main] INFO  org.testng.log4testng.Logger.info(Logger.java:112)oggger - [Utils] MethodGroupsHelper.collectMethodsByGroup() took 0 ms.
10:18:42.421 [main] INFO  org.testng.log4testng.Logger.info(Logger.java:112)oggger - [Utils] MethodGroupsHelper.sortMethods() took 0 ms.
10:18:42.423 [main] INFO  org.testng.log4testng.Logger.info(Logger.java:112)oggger - [Utils] MethodGroupsHelper.collectMethodsByGroup() took 0 ms.
10:18:42.423 [main] INFO  org.testng.log4testng.Logger.info(Logger.java:112)oggger - [Utils] MethodGroupsHelper.sortMethods() took 0 ms.
10:18:42.424 [main] INFO  org.testng.log4testng.Logger.info(Logger.java:112)oggger - [Utils] MethodGroupsHelper.collectMethodsByGroup() took 0 ms.
10:18:42.424 [main] INFO  org.testng.log4testng.Logger.info(Logger.java:112)oggger - [Utils] MethodGroupsHelper.sortMethods() took 0 ms.
10:18:42.425 [main] INFO  org.testng.log4testng.Logger.info(Logger.java:112)oggger - [Utils] MethodGroupsHelper.collectMethodsByGroup() took 0 ms.
10:18:42.425 [main] INFO  org.testng.log4testng.Logger.info(Logger.java:112)oggger - [Utils] MethodGroupsHelper.sortMethods() took 0 ms.
10:18:42.425 [main] INFO  org.testng.log4testng.Logger.info(Logger.java:112)oggger - [Utils] MethodGroupsHelper.collectMethodsByGroup() took 0 ms.
10:18:42.425 [main] INFO  org.testng.log4testng.Logger.info(Logger.java:112)oggger - [Utils] MethodGroupsHelper.sortMethods() took 0 ms.
10:18:42.426 [main] INFO  org.testng.log4testng.Logger.info(Logger.java:112)oggger - [Utils] MethodGroupsHelper.collectMethodsByGroup() took 0 ms.
10:18:42.426 [main] INFO  org.testng.log4testng.Logger.info(Logger.java:112)oggger - [Utils] MethodGroupsHelper.sortMethods() took 0 ms.
10:18:42.427 [main] INFO  org.testng.log4testng.Logger.info(Logger.java:112)oggger - [Utils] MethodGroupsHelper.collectMethodsByGroup() took 0 ms.
10:18:42.427 [main] INFO  org.testng.log4testng.Logger.info(Logger.java:112)oggger - [Utils] MethodGroupsHelper.sortMethods() took 0 ms.
10:18:42.428 [main] INFO  org.testng.log4testng.Logger.info(Logger.java:112)oggger - [Utils] MethodGroupsHelper.collectMethodsByGroup() took 0 ms.
10:18:42.428 [main] INFO  org.testng.log4testng.Logger.info(Logger.java:112)oggger - [Utils] MethodGroupsHelper.sortMethods() took 0 ms.
10:18:42.434 [main] INFO  org.testng.log4testng.Logger.info(Logger.java:112)oggger - [TestNG] Running:
  C:\Users\Lev\AppData\Local\Temp\testng-eclipse--663482186\testng-customsuite.xml

10:18:42.447 [main] INFO  org.testng.log4testng.Logger.info(Logger.java:112)oggger - [Utils] DynamicGraphHelper.createDynamicGraph() took 4 ms.
10:18:42.570 [main] INFO  org.testng.log4testng.Logger.info(Logger.java:112)oggger - [TestNG] Time taken by org.testng.reporters.jq.Main@184497d1: 38 ms
10:18:42.579 [main] INFO  org.testng.log4testng.Logger.info(Logger.java:112)oggger - [TestNG] Time taken by org.testng.reporters.FailedReporter@6a62689d: 9 ms
10:18:42.590 [main] INFO  org.testng.log4testng.Logger.info(Logger.java:112)oggger - [TestNG] Time taken by org.testng.reporters.XMLReporter@35fe2125: 10 ms
10:18:42.597 [main] INFO  org.testng.log4testng.Logger.info(Logger.java:112)oggger - [TestNG] Time taken by org.testng.reporters.EmailableReporter2@66629f63: 6 ms
10:18:42.604 [main] INFO  org.testng.log4testng.Logger.info(Logger.java:112)oggger - [TestNG] Time taken by org.testng.reporters.JUnitReportReporter@1568159: 7 ms
10:18:42.604 [main] INFO  org.testng.log4testng.Logger.info(Logger.java:112)oggger - [TestNG] Time taken by org.testng.internal.ExitCodeListener@4fcee388: 0 ms
10:18:45.923 [main] DEBUG org.testng.log4testng.Logger.debug(Logger.java:82)oggger - suiteXmlPath: "C:\Users\Lev\AppData\Local\Temp\testng-eclipse-1041340191\testng-customsuite.xml"
10:18:46.080 [main] INFO  org.testng.log4testng.Logger.info(Logger.java:112)oggger - [Utils] MethodGroupsHelper.collectMethodsByGroup() took 1 ms.
10:18:46.081 [main] INFO  org.testng.log4testng.Logger.info(Logger.java:112)oggger - [Utils] MethodGroupsHelper.sortMethods() took 0 ms.
10:18:46.083 [main] INFO  org.testng.log4testng.Logger.info(Logger.java:112)oggger - [Utils] MethodGroupsHelper.collectMethodsByGroup() took 0 ms.
10:18:46.084 [main] INFO  org.testng.log4testng.Logger.info(Logger.java:112)oggger - [Utils] MethodGroupsHelper.sortMethods() took 0 ms.
10:18:46.085 [main] INFO  org.testng.log4testng.Logger.info(Logger.java:112)oggger - [Utils] MethodGroupsHelper.collectMethodsByGroup() took 0 ms.
10:18:46.085 [main] INFO  org.testng.log4testng.Logger.info(Logger.java:112)oggger - [Utils] MethodGroupsHelper.sortMethods() took 0 ms.
10:18:46.085 [main] INFO  org.testng.log4testng.Logger.info(Logger.java:112)oggger - [Utils] MethodGroupsHelper.collectMethodsByGroup() took 0 ms.
10:18:46.086 [main] INFO  org.testng.log4testng.Logger.info(Logger.java:112)oggger - [Utils] MethodGroupsHelper.sortMethods() took 0 ms.
10:18:46.089 [main] INFO  org.testng.log4testng.Logger.info(Logger.java:112)oggger - [Utils] MethodGroupsHelper.collectMethodsByGroup() took 3 ms.
10:18:46.096 [main] INFO  org.testng.log4testng.Logger.info(Logger.java:112)oggger - [Utils] MethodGroupsHelper.sortMethods() took 6 ms.
10:18:46.097 [main] INFO  org.testng.log4testng.Logger.info(Logger.java:112)oggger - [Utils] MethodGroupsHelper.collectMethodsByGroup() took 0 ms.
10:18:46.098 [main] INFO  org.testng.log4testng.Logger.info(Logger.java:112)oggger - [Utils] MethodGroupsHelper.sortMethods() took 1 ms.
10:18:46.099 [main] INFO  org.testng.log4testng.Logger.info(Logger.java:112)oggger - [Utils] MethodGroupsHelper.collectMethodsByGroup() took 0 ms.
10:18:46.099 [main] INFO  org.testng.log4testng.Logger.info(Logger.java:112)oggger - [Utils] MethodGroupsHelper.sortMethods() took 0 ms.
10:18:46.100 [main] INFO  org.testng.log4testng.Logger.info(Logger.java:112)oggger - [Utils] MethodGroupsHelper.collectMethodsByGroup() took 0 ms.
10:18:46.100 [main] INFO  org.testng.log4testng.Logger.info(Logger.java:112)oggger - [Utils] MethodGroupsHelper.sortMethods() took 0 ms.
10:18:46.102 [main] INFO  org.testng.log4testng.Logger.info(Logger.java:112)oggger - [Utils] MethodGroupsHelper.collectMethodsByGroup() took 0 ms.
10:18:46.102 [main] INFO  org.testng.log4testng.Logger.info(Logger.java:112)oggger - [Utils] MethodGroupsHelper.sortMethods() took 0 ms.
10:18:46.102 [main] INFO  org.testng.log4testng.Logger.info(Logger.java:112)oggger - [Utils] MethodGroupsHelper.collectMethodsByGroup() took 0 ms.
10:18:46.102 [main] INFO  org.testng.log4testng.Logger.info(Logger.java:112)oggger - [Utils] MethodGroupsHelper.sortMethods() took 0 ms.
10:18:46.103 [main] INFO  org.testng.log4testng.Logger.info(Logger.java:112)oggger - [Utils] MethodGroupsHelper.collectMethodsByGroup() took 0 ms.
10:18:46.103 [main] INFO  org.testng.log4testng.Logger.info(Logger.java:112)oggger - [Utils] MethodGroupsHelper.sortMethods() took 0 ms.
10:18:46.103 [main] INFO  org.testng.log4testng.Logger.info(Logger.java:112)oggger - [Utils] MethodGroupsHelper.collectMethodsByGroup() took 0 ms.
10:18:46.103 [main] INFO  org.testng.log4testng.Logger.info(Logger.java:112)oggger - [Utils] MethodGroupsHelper.sortMethods() took 0 ms.
10:18:46.104 [main] INFO  org.testng.log4testng.Logger.info(Logger.java:112)oggger - [Utils] MethodGroupsHelper.collectMethodsByGroup() took 0 ms.
10:18:46.104 [main] INFO  org.testng.log4testng.Logger.info(Logger.java:112)oggger - [Utils] MethodGroupsHelper.sortMethods() took 0 ms.
10:18:46.106 [main] INFO  org.testng.log4testng.Logger.info(Logger.java:112)oggger - [Utils] MethodGroupsHelper.collectMethodsByGroup() took 0 ms.
10:18:46.106 [main] INFO  org.testng.log4testng.Logger.info(Logger.java:112)oggger - [Utils] MethodGroupsHelper.sortMethods() took 0 ms.
10:18:46.106 [main] INFO  org.testng.log4testng.Logger.info(Logger.java:112)oggger - [Utils] MethodGroupsHelper.collectMethodsByGroup() took 0 ms.
10:18:46.106 [main] INFO  org.testng.log4testng.Logger.info(Logger.java:112)oggger - [Utils] MethodGroupsHelper.sortMethods() took 0 ms.
10:18:46.111 [main] INFO  org.testng.log4testng.Logger.info(Logger.java:112)oggger - [TestNG] Running:
  C:\Users\Lev\AppData\Local\Temp\testng-eclipse-1041340191\testng-customsuite.xml

10:18:46.130 [main] INFO  org.testng.log4testng.Logger.info(Logger.java:112)oggger - [Utils] DynamicGraphHelper.createDynamicGraph() took 5 ms.
10:18:46.261 [main] INFO  org.testng.log4testng.Logger.info(Logger.java:112)oggger - [TestNG] Time taken by org.testng.reporters.jq.Main@232024b9: 39 ms
10:18:46.269 [main] INFO  org.testng.log4testng.Logger.info(Logger.java:112)oggger - [TestNG] Time taken by org.testng.reporters.FailedReporter@1ea9f009: 8 ms
10:18:46.278 [main] INFO  org.testng.log4testng.Logger.info(Logger.java:112)oggger - [TestNG] Time taken by org.testng.reporters.XMLReporter@88a8218: 9 ms
10:18:46.285 [main] INFO  org.testng.log4testng.Logger.info(Logger.java:112)oggger - [TestNG] Time taken by org.testng.reporters.EmailableReporter2@2f6bbeb0: 7 ms
10:18:46.291 [main] INFO  org.testng.log4testng.Logger.info(Logger.java:112)oggger - [TestNG] Time taken by org.testng.reporters.JUnitReportReporter@60297f36: 5 ms
10:18:46.291 [main] INFO  org.testng.log4testng.Logger.info(Logger.java:112)oggger - [TestNG] Time taken by org.testng.internal.ExitCodeListener@1bf0f6f6: 0 ms
10:40:17.607 [main] DEBUG org.testng.log4testng.Logger.debug(Logger.java:82)oggger - suiteXmlPath: "C:\Users\Lev\eclipse-workspace\Opencart1\master.xml"
10:40:17.794 [main] INFO  org.testng.log4testng.Logger.info(Logger.java:112)oggger - [TestNG] Running:
  C:\Users\Lev\eclipse-workspace\Opencart1\master.xml

10:40:17.841 [main] DEBUG io.github.bonigarcia.wdm.WebDriverManager.<init>(WebDriverManager.java:226)oggger - Using WebDriverManager 5.7.0
10:40:18.101 [main] DEBUG io.github.bonigarcia.wdm.cache.ResolutionCache.checkValidity(ResolutionCache.java:156)oggger - Removing resolution chrome=137 from cache (expired on 2025-05-24T23:15:17.000-0700)
10:40:18.118 [main] DEBUG org.apache.hc.client5.http.impl.classic.InternalHttpClient.doExecute(InternalHttpClient.java:164)oggger - ex-0000000001 preparing request execution
10:40:18.126 [main] DEBUG org.apache.hc.client5.http.impl.classic.ProtocolExec.execute(ProtocolExec.java:181)oggger - ex-0000000001 target auth state: UNCHALLENGED
10:40:18.126 [main] DEBUG org.apache.hc.client5.http.impl.classic.ProtocolExec.execute(ProtocolExec.java:187)oggger - ex-0000000001 proxy auth state: UNCHALLENGED
10:40:18.126 [main] DEBUG org.apache.hc.client5.http.impl.classic.ConnectExec.execute(ConnectExec.java:123)oggger - ex-0000000001 acquiring connection with route {s}->https://raw.githubusercontent.com:443
10:40:18.127 [main] DEBUG org.apache.hc.client5.http.impl.classic.InternalExecRuntime.acquireEndpoint(InternalExecRuntime.java:101)oggger - ex-0000000001 acquiring endpoint (3 MINUTES)
10:40:18.128 [main] DEBUG org.apache.hc.client5.http.impl.io.PoolingHttpClientConnectionManager.lease(PoolingHttpClientConnectionManager.java:296)oggger - ex-0000000001 endpoint lease request (3 MINUTES) [route: {s}->https://raw.githubusercontent.com:443][total available: 0; route allocated: 0 of 5; total allocated: 0 of 25]
10:40:18.131 [main] DEBUG org.apache.hc.client5.http.impl.io.PoolingHttpClientConnectionManager$3.get(PoolingHttpClientConnectionManager.java:318)oggger - ex-0000000001 endpoint leased [route: {s}->https://raw.githubusercontent.com:443][total available: 0; route allocated: 1 of 5; total allocated: 1 of 25]
10:40:18.138 [main] DEBUG org.apache.hc.client5.http.impl.io.PoolingHttpClientConnectionManager$3.get(PoolingHttpClientConnectionManager.java:360)oggger - ex-0000000001 acquired ep-0000000001
10:40:18.138 [main] DEBUG org.apache.hc.client5.http.impl.classic.InternalExecRuntime.acquireEndpoint(InternalExecRuntime.java:116)oggger - ex-0000000001 acquired endpoint ep-0000000001
10:40:18.138 [main] DEBUG org.apache.hc.client5.http.impl.classic.ConnectExec.execute(ConnectExec.java:130)oggger - ex-0000000001 opening connection {s}->https://raw.githubusercontent.com:443
10:40:18.139 [main] DEBUG org.apache.hc.client5.http.impl.classic.InternalExecRuntime.connectEndpoint(InternalExecRuntime.java:160)oggger - ep-0000000001 connecting endpoint (null)
10:40:18.140 [main] DEBUG org.apache.hc.client5.http.impl.io.PoolingHttpClientConnectionManager.connect(PoolingHttpClientConnectionManager.java:444)oggger - ep-0000000001 connecting endpoint to https://raw.githubusercontent.com:443 (30 SECONDS)
10:40:18.140 [main] DEBUG org.apache.hc.client5.http.impl.io.DefaultHttpClientConnectionOperator.connect(DefaultHttpClientConnectionOperator.java:138)oggger - raw.githubusercontent.com resolving remote address
10:40:18.167 [main] DEBUG org.apache.hc.client5.http.impl.io.DefaultHttpClientConnectionOperator.connect(DefaultHttpClientConnectionOperator.java:144)oggger - raw.githubusercontent.com resolved to [raw.githubusercontent.com/185.199.110.133, raw.githubusercontent.com/185.199.111.133, raw.githubusercontent.com/185.199.108.133, raw.githubusercontent.com/185.199.109.133, raw.githubusercontent.com/2606:50c0:8003:0:0:0:0:154, raw.githubusercontent.com/2606:50c0:8000:0:0:0:0:154, raw.githubusercontent.com/2606:50c0:8002:0:0:0:0:154, raw.githubusercontent.com/2606:50c0:8001:0:0:0:0:154]
10:40:18.169 [main] DEBUG org.apache.hc.client5.http.impl.io.DefaultHttpClientConnectionOperator.connect(DefaultHttpClientConnectionOperator.java:177)oggger - raw.githubusercontent.com:443 connecting null->raw.githubusercontent.com/185.199.110.133:443 (30 SECONDS)
10:40:18.170 [main] DEBUG org.apache.hc.client5.http.ssl.SSLConnectionSocketFactory.connectSocket(SSLConnectionSocketFactory.java:226)oggger - Connecting socket to raw.githubusercontent.com/185.199.110.133:443 with timeout 30 SECONDS
10:40:18.258 [main] DEBUG org.apache.hc.client5.http.ssl.SSLConnectionSocketFactory.executeHandshake(SSLConnectionSocketFactory.java:299)oggger - Enabled protocols: [TLSv1.3, TLSv1.2]
10:40:18.258 [main] DEBUG org.apache.hc.client5.http.ssl.SSLConnectionSocketFactory.executeHandshake(SSLConnectionSocketFactory.java:300)oggger - Enabled cipher suites: [TLS_AES_256_GCM_SHA384, TLS_AES_128_GCM_SHA256, TLS_CHACHA20_POLY1305_SHA256, TLS_ECDHE_ECDSA_WITH_AES_256_GCM_SHA384, TLS_ECDHE_ECDSA_WITH_AES_128_GCM_SHA256, TLS_ECDHE_ECDSA_WITH_CHACHA20_POLY1305_SHA256, TLS_ECDHE_RSA_WITH_AES_256_GCM_SHA384, TLS_ECDHE_RSA_WITH_CHACHA20_POLY1305_SHA256, TLS_ECDHE_RSA_WITH_AES_128_GCM_SHA256, TLS_DHE_RSA_WITH_AES_256_GCM_SHA384, TLS_DHE_RSA_WITH_CHACHA20_POLY1305_SHA256, TLS_DHE_DSS_WITH_AES_256_GCM_SHA384, TLS_DHE_RSA_WITH_AES_128_GCM_SHA256, TLS_DHE_DSS_WITH_AES_128_GCM_SHA256, TLS_ECDHE_ECDSA_WITH_AES_256_CBC_SHA384, TLS_ECDHE_RSA_WITH_AES_256_CBC_SHA384, TLS_ECDHE_ECDSA_WITH_AES_128_CBC_SHA256, TLS_ECDHE_RSA_WITH_AES_128_CBC_SHA256, TLS_DHE_RSA_WITH_AES_256_CBC_SHA256, TLS_DHE_DSS_WITH_AES_256_CBC_SHA256, TLS_DHE_RSA_WITH_AES_128_CBC_SHA256, TLS_DHE_DSS_WITH_AES_128_CBC_SHA256, TLS_ECDHE_ECDSA_WITH_AES_256_CBC_SHA, TLS_ECDHE_RSA_WITH_AES_256_CBC_SHA, TLS_ECDHE_ECDSA_WITH_AES_128_CBC_SHA, TLS_ECDHE_RSA_WITH_AES_128_CBC_SHA, TLS_DHE_RSA_WITH_AES_256_CBC_SHA, TLS_DHE_DSS_WITH_AES_256_CBC_SHA, TLS_DHE_RSA_WITH_AES_128_CBC_SHA, TLS_DHE_DSS_WITH_AES_128_CBC_SHA, TLS_RSA_WITH_AES_256_GCM_SHA384, TLS_RSA_WITH_AES_128_GCM_SHA256, TLS_RSA_WITH_AES_256_CBC_SHA256, TLS_RSA_WITH_AES_128_CBC_SHA256, TLS_RSA_WITH_AES_256_CBC_SHA, TLS_RSA_WITH_AES_128_CBC_SHA, TLS_EMPTY_RENEGOTIATION_INFO_SCSV]
10:40:18.259 [main] DEBUG org.apache.hc.client5.http.ssl.SSLConnectionSocketFactory.executeHandshake(SSLConnectionSocketFactory.java:301)oggger - Starting handshake (null)
10:40:18.377 [main] DEBUG org.apache.hc.client5.http.ssl.TlsSessionValidator.verifySession(TlsSessionValidator.java:59)oggger - Secure session established
10:40:18.377 [main] DEBUG org.apache.hc.client5.http.ssl.TlsSessionValidator.verifySession(TlsSessionValidator.java:60)oggger -  negotiated protocol: TLSv1.3
10:40:18.377 [main] DEBUG org.apache.hc.client5.http.ssl.TlsSessionValidator.verifySession(TlsSessionValidator.java:61)oggger -  negotiated cipher suite: TLS_AES_128_GCM_SHA256
10:40:18.378 [main] DEBUG org.apache.hc.client5.http.ssl.TlsSessionValidator.verifySession(TlsSessionValidator.java:71)oggger -  peer principal: CN=*.github.io
10:40:18.379 [main] DEBUG org.apache.hc.client5.http.ssl.TlsSessionValidator.verifySession(TlsSessionValidator.java:80)oggger -  peer alternative names: [*.github.io, *.github.com, *.githubusercontent.com, github.com, github.io, githubusercontent.com, www.github.com]
10:40:18.379 [main] DEBUG org.apache.hc.client5.http.ssl.TlsSessionValidator.verifySession(TlsSessionValidator.java:84)oggger -  issuer principal: CN=Sectigo RSA Domain Validation Secure Server CA, O=Sectigo Limited, L=Salford, ST=Greater Manchester, C=GB
10:40:18.379 [main] DEBUG org.apache.hc.client5.http.impl.io.DefaultManagedHttpClientConnection.setSocketTimeout(DefaultManagedHttpClientConnection.java:165)oggger - http-outgoing-0 set socket timeout to 3 MINUTES
10:40:18.380 [main] DEBUG org.apache.hc.client5.http.impl.io.DefaultHttpClientConnectionOperator.connect(DefaultHttpClientConnectionOperator.java:185)oggger - raw.githubusercontent.com:443 connected null->raw.githubusercontent.com/185.199.110.133:443 as http-outgoing-0
10:40:18.380 [main] DEBUG org.apache.hc.client5.http.impl.io.PoolingHttpClientConnectionManager.connect(PoolingHttpClientConnectionManager.java:456)oggger - ep-0000000001 connected http-outgoing-0
10:40:18.380 [main] DEBUG org.apache.hc.client5.http.impl.classic.InternalExecRuntime.connectEndpoint(InternalExecRuntime.java:164)oggger - ep-0000000001 endpoint connected
10:40:18.381 [main] DEBUG org.apache.hc.client5.http.impl.classic.MainClientExec.execute(MainClientExec.java:107)oggger - ex-0000000001 executing GET /bonigarcia/webdrivermanager/master/src/main/resources/commands.properties HTTP/1.1
10:40:18.382 [main] DEBUG org.apache.hc.client5.http.protocol.RequestAddCookies.process(RequestAddCookies.java:129)oggger - ex-0000000001 Cookie spec selected: strict
10:40:18.387 [main] DEBUG org.apache.hc.client5.http.impl.classic.InternalExecRuntime.execute(InternalExecRuntime.java:214)oggger - ep-0000000001 start execution ex-0000000001
10:40:18.387 [main] DEBUG org.apache.hc.client5.http.impl.io.PoolingHttpClientConnectionManager$InternalConnectionEndpoint.execute(PoolingHttpClientConnectionManager.java:710)oggger - ep-0000000001 executing exchange ex-0000000001 over http-outgoing-0
10:40:18.387 [main] DEBUG org.apache.hc.client5.http.impl.io.DefaultManagedHttpClientConnection.onRequestSubmitted(DefaultManagedHttpClientConnection.java:200)oggger - http-outgoing-0 >> GET /bonigarcia/webdrivermanager/master/src/main/resources/commands.properties HTTP/1.1
10:40:18.387 [main] DEBUG org.apache.hc.client5.http.impl.io.DefaultManagedHttpClientConnection.onRequestSubmitted(DefaultManagedHttpClientConnection.java:203)oggger - http-outgoing-0 >> user-agent: Apache-HttpClient/5.0
10:40:18.387 [main] DEBUG org.apache.hc.client5.http.impl.io.DefaultManagedHttpClientConnection.onRequestSubmitted(DefaultManagedHttpClientConnection.java:203)oggger - http-outgoing-0 >> accept-encoding: gzip, deflate, br
10:40:18.388 [main] DEBUG org.apache.hc.client5.http.impl.io.DefaultManagedHttpClientConnection.onRequestSubmitted(DefaultManagedHttpClientConnection.java:203)oggger - http-outgoing-0 >> cache-control: max-age=0
10:40:18.388 [main] DEBUG org.apache.hc.client5.http.impl.io.DefaultManagedHttpClientConnection.onRequestSubmitted(DefaultManagedHttpClientConnection.java:203)oggger - http-outgoing-0 >> connection: keep-alive
10:40:18.388 [main] DEBUG org.apache.hc.client5.http.impl.io.DefaultManagedHttpClientConnection.onRequestSubmitted(DefaultManagedHttpClientConnection.java:203)oggger - http-outgoing-0 >> Host: raw.githubusercontent.com
10:40:18.388 [main] DEBUG org.apache.hc.client5.http.impl.Wire.wire(Wire.java:92)oggger - http-outgoing-0 >> "GET /bonigarcia/webdrivermanager/master/src/main/resources/commands.properties HTTP/1.1[\r][\n]"
10:40:18.388 [main] DEBUG org.apache.hc.client5.http.impl.Wire.wire(Wire.java:92)oggger - http-outgoing-0 >> "user-agent: Apache-HttpClient/5.0[\r][\n]"
10:40:18.388 [main] DEBUG org.apache.hc.client5.http.impl.Wire.wire(Wire.java:92)oggger - http-outgoing-0 >> "accept-encoding: gzip, deflate, br[\r][\n]"
10:40:18.388 [main] DEBUG org.apache.hc.client5.http.impl.Wire.wire(Wire.java:92)oggger - http-outgoing-0 >> "cache-control: max-age=0[\r][\n]"
10:40:18.388 [main] DEBUG org.apache.hc.client5.http.impl.Wire.wire(Wire.java:92)oggger - http-outgoing-0 >> "connection: keep-alive[\r][\n]"
10:40:18.388 [main] DEBUG org.apache.hc.client5.http.impl.Wire.wire(Wire.java:92)oggger - http-outgoing-0 >> "Host: raw.githubusercontent.com[\r][\n]"
10:40:18.389 [main] DEBUG org.apache.hc.client5.http.impl.Wire.wire(Wire.java:92)oggger - http-outgoing-0 >> "[\r][\n]"
10:40:18.410 [main] DEBUG org.apache.hc.client5.http.impl.Wire.wire(Wire.java:92)oggger - http-outgoing-0 << "HTTP/1.1 200 OK[\r][\n]"
10:40:18.410 [main] DEBUG org.apache.hc.client5.http.impl.Wire.wire(Wire.java:92)oggger - http-outgoing-0 << "Connection: keep-alive[\r][\n]"
10:40:18.410 [main] DEBUG org.apache.hc.client5.http.impl.Wire.wire(Wire.java:92)oggger - http-outgoing-0 << "Content-Length: 946[\r][\n]"
10:40:18.410 [main] DEBUG org.apache.hc.client5.http.impl.Wire.wire(Wire.java:92)oggger - http-outgoing-0 << "Cache-Control: max-age=300[\r][\n]"
10:40:18.410 [main] DEBUG org.apache.hc.client5.http.impl.Wire.wire(Wire.java:92)oggger - http-outgoing-0 << "Content-Security-Policy: default-src 'none'; style-src 'unsafe-inline'; sandbox[\r][\n]"
10:40:18.410 [main] DEBUG org.apache.hc.client5.http.impl.Wire.wire(Wire.java:92)oggger - http-outgoing-0 << "Content-Type: text/plain; charset=utf-8[\r][\n]"
10:40:18.411 [main] DEBUG org.apache.hc.client5.http.impl.Wire.wire(Wire.java:92)oggger - http-outgoing-0 << "ETag: W/"dc0c32cea2dfa86f6cf10513cf8a64e1e8817484a415b658b4eecd962d4deaee"[\r][\n]"
10:40:18.411 [main] DEBUG org.apache.hc.client5.http.impl.Wire.wire(Wire.java:92)oggger - http-outgoing-0 << "Strict-Transport-Security: max-age=31536000[\r][\n]"
10:40:18.411 [main] DEBUG org.apache.hc.client5.http.impl.Wire.wire(Wire.java:92)oggger - http-outgoing-0 << "X-Content-Type-Options: nosniff[\r][\n]"
10:40:18.411 [main] DEBUG org.apache.hc.client5.http.impl.Wire.wire(Wire.java:92)oggger - http-outgoing-0 << "X-Frame-Options: deny[\r][\n]"
10:40:18.411 [main] DEBUG org.apache.hc.client5.http.impl.Wire.wire(Wire.java:92)oggger - http-outgoing-0 << "X-XSS-Protection: 1; mode=block[\r][\n]"
10:40:18.411 [main] DEBUG org.apache.hc.client5.http.impl.Wire.wire(Wire.java:92)oggger - http-outgoing-0 << "X-GitHub-Request-Id: 81E4:26791F:15CA7CA:1B90CD8:682DE8F6[\r][\n]"
10:40:18.411 [main] DEBUG org.apache.hc.client5.http.impl.Wire.wire(Wire.java:92)oggger - http-outgoing-0 << "Content-Encoding: gzip[\r][\n]"
10:40:18.411 [main] DEBUG org.apache.hc.client5.http.impl.Wire.wire(Wire.java:92)oggger - http-outgoing-0 << "Accept-Ranges: bytes[\r][\n]"
10:40:18.411 [main] DEBUG org.apache.hc.client5.http.impl.Wire.wire(Wire.java:92)oggger - http-outgoing-0 << "Date: Sun, 25 May 2025 17:40:18 GMT[\r][\n]"
10:40:18.411 [main] DEBUG org.apache.hc.client5.http.impl.Wire.wire(Wire.java:92)oggger - http-outgoing-0 << "Via: 1.1 varnish[\r][\n]"
10:40:18.412 [main] DEBUG org.apache.hc.client5.http.impl.Wire.wire(Wire.java:92)oggger - http-outgoing-0 << "X-Served-By: cache-bfi-krnt7300037-BFI[\r][\n]"
10:40:18.412 [main] DEBUG org.apache.hc.client5.http.impl.Wire.wire(Wire.java:92)oggger - http-outgoing-0 << "X-Cache: HIT[\r][\n]"
10:40:18.412 [main] DEBUG org.apache.hc.client5.http.impl.Wire.wire(Wire.java:92)oggger - http-outgoing-0 << "X-Cache-Hits: 1[\r][\n]"
10:40:18.412 [main] DEBUG org.apache.hc.client5.http.impl.Wire.wire(Wire.java:92)oggger - http-outgoing-0 << "X-Timer: S1748194818.452066,VS0,VE3[\r][\n]"
10:40:18.412 [main] DEBUG org.apache.hc.client5.http.impl.Wire.wire(Wire.java:92)oggger - http-outgoing-0 << "Vary: Authorization,Accept-Encoding,Origin[\r][\n]"
10:40:18.412 [main] DEBUG org.apache.hc.client5.http.impl.Wire.wire(Wire.java:92)oggger - http-outgoing-0 << "Access-Control-Allow-Origin: *[\r][\n]"
10:40:18.412 [main] DEBUG org.apache.hc.client5.http.impl.Wire.wire(Wire.java:92)oggger - http-outgoing-0 << "Cross-Origin-Resource-Policy: cross-origin[\r][\n]"
10:40:18.412 [main] DEBUG org.apache.hc.client5.http.impl.Wire.wire(Wire.java:92)oggger - http-outgoing-0 << "X-Fastly-Request-ID: 92363d3f500d3f02248b326177dd488caa215b52[\r][\n]"
10:40:18.412 [main] DEBUG org.apache.hc.client5.http.impl.Wire.wire(Wire.java:92)oggger - http-outgoing-0 << "Expires: Sun, 25 May 2025 17:45:18 GMT[\r][\n]"
10:40:18.412 [main] DEBUG org.apache.hc.client5.http.impl.Wire.wire(Wire.java:92)oggger - http-outgoing-0 << "Source-Age: 32[\r][\n]"
10:40:18.412 [main] DEBUG org.apache.hc.client5.http.impl.Wire.wire(Wire.java:92)oggger - http-outgoing-0 << "[\r][\n]"
10:40:18.417 [main] DEBUG org.apache.hc.client5.http.impl.io.DefaultManagedHttpClientConnection.onResponseReceived(DefaultManagedHttpClientConnection.java:189)oggger - http-outgoing-0 << HTTP/1.1 200 OK
10:40:18.417 [main] DEBUG org.apache.hc.client5.http.impl.io.DefaultManagedHttpClientConnection.onResponseReceived(DefaultManagedHttpClientConnection.java:192)oggger - http-outgoing-0 << Connection: keep-alive
10:40:18.417 [main] DEBUG org.apache.hc.client5.http.impl.io.DefaultManagedHttpClientConnection.onResponseReceived(DefaultManagedHttpClientConnection.java:192)oggger - http-outgoing-0 << Content-Length: 946
10:40:18.417 [main] DEBUG org.apache.hc.client5.http.impl.io.DefaultManagedHttpClientConnection.onResponseReceived(DefaultManagedHttpClientConnection.java:192)oggger - http-outgoing-0 << Cache-Control: max-age=300
10:40:18.417 [main] DEBUG org.apache.hc.client5.http.impl.io.DefaultManagedHttpClientConnection.onResponseReceived(DefaultManagedHttpClientConnection.java:192)oggger - http-outgoing-0 << Content-Security-Policy: default-src 'none'; style-src 'unsafe-inline'; sandbox
10:40:18.417 [main] DEBUG org.apache.hc.client5.http.impl.io.DefaultManagedHttpClientConnection.onResponseReceived(DefaultManagedHttpClientConnection.java:192)oggger - http-outgoing-0 << Content-Type: text/plain; charset=utf-8
10:40:18.417 [main] DEBUG org.apache.hc.client5.http.impl.io.DefaultManagedHttpClientConnection.onResponseReceived(DefaultManagedHttpClientConnection.java:192)oggger - http-outgoing-0 << ETag: W/"dc0c32cea2dfa86f6cf10513cf8a64e1e8817484a415b658b4eecd962d4deaee"
10:40:18.418 [main] DEBUG org.apache.hc.client5.http.impl.io.DefaultManagedHttpClientConnection.onResponseReceived(DefaultManagedHttpClientConnection.java:192)oggger - http-outgoing-0 << Strict-Transport-Security: max-age=31536000
10:40:18.418 [main] DEBUG org.apache.hc.client5.http.impl.io.DefaultManagedHttpClientConnection.onResponseReceived(DefaultManagedHttpClientConnection.java:192)oggger - http-outgoing-0 << X-Content-Type-Options: nosniff
10:40:18.418 [main] DEBUG org.apache.hc.client5.http.impl.io.DefaultManagedHttpClientConnection.onResponseReceived(DefaultManagedHttpClientConnection.java:192)oggger - http-outgoing-0 << X-Frame-Options: deny
10:40:18.418 [main] DEBUG org.apache.hc.client5.http.impl.io.DefaultManagedHttpClientConnection.onResponseReceived(DefaultManagedHttpClientConnection.java:192)oggger - http-outgoing-0 << X-XSS-Protection: 1; mode=block
10:40:18.418 [main] DEBUG org.apache.hc.client5.http.impl.io.DefaultManagedHttpClientConnection.onResponseReceived(DefaultManagedHttpClientConnection.java:192)oggger - http-outgoing-0 << X-GitHub-Request-Id: 81E4:26791F:15CA7CA:1B90CD8:682DE8F6
10:40:18.418 [main] DEBUG org.apache.hc.client5.http.impl.io.DefaultManagedHttpClientConnection.onResponseReceived(DefaultManagedHttpClientConnection.java:192)oggger - http-outgoing-0 << Content-Encoding: gzip
10:40:18.418 [main] DEBUG org.apache.hc.client5.http.impl.io.DefaultManagedHttpClientConnection.onResponseReceived(DefaultManagedHttpClientConnection.java:192)oggger - http-outgoing-0 << Accept-Ranges: bytes
10:40:18.418 [main] DEBUG org.apache.hc.client5.http.impl.io.DefaultManagedHttpClientConnection.onResponseReceived(DefaultManagedHttpClientConnection.java:192)oggger - http-outgoing-0 << Date: Sun, 25 May 2025 17:40:18 GMT
10:40:18.418 [main] DEBUG org.apache.hc.client5.http.impl.io.DefaultManagedHttpClientConnection.onResponseReceived(DefaultManagedHttpClientConnection.java:192)oggger - http-outgoing-0 << Via: 1.1 varnish
10:40:18.418 [main] DEBUG org.apache.hc.client5.http.impl.io.DefaultManagedHttpClientConnection.onResponseReceived(DefaultManagedHttpClientConnection.java:192)oggger - http-outgoing-0 << X-Served-By: cache-bfi-krnt7300037-BFI
10:40:18.418 [main] DEBUG org.apache.hc.client5.http.impl.io.DefaultManagedHttpClientConnection.onResponseReceived(DefaultManagedHttpClientConnection.java:192)oggger - http-outgoing-0 << X-Cache: HIT
10:40:18.419 [main] DEBUG org.apache.hc.client5.http.impl.io.DefaultManagedHttpClientConnection.onResponseReceived(DefaultManagedHttpClientConnection.java:192)oggger - http-outgoing-0 << X-Cache-Hits: 1
10:40:18.419 [main] DEBUG org.apache.hc.client5.http.impl.io.DefaultManagedHttpClientConnection.onResponseReceived(DefaultManagedHttpClientConnection.java:192)oggger - http-outgoing-0 << X-Timer: S1748194818.452066,VS0,VE3
10:40:18.419 [main] DEBUG org.apache.hc.client5.http.impl.io.DefaultManagedHttpClientConnection.onResponseReceived(DefaultManagedHttpClientConnection.java:192)oggger - http-outgoing-0 << Vary: Authorization,Accept-Encoding,Origin
10:40:18.419 [main] DEBUG org.apache.hc.client5.http.impl.io.DefaultManagedHttpClientConnection.onResponseReceived(DefaultManagedHttpClientConnection.java:192)oggger - http-outgoing-0 << Access-Control-Allow-Origin: *
10:40:18.419 [main] DEBUG org.apache.hc.client5.http.impl.io.DefaultManagedHttpClientConnection.onResponseReceived(DefaultManagedHttpClientConnection.java:192)oggger - http-outgoing-0 << Cross-Origin-Resource-Policy: cross-origin
10:40:18.419 [main] DEBUG org.apache.hc.client5.http.impl.io.DefaultManagedHttpClientConnection.onResponseReceived(DefaultManagedHttpClientConnection.java:192)oggger - http-outgoing-0 << X-Fastly-Request-ID: 92363d3f500d3f02248b326177dd488caa215b52
10:40:18.419 [main] DEBUG org.apache.hc.client5.http.impl.io.DefaultManagedHttpClientConnection.onResponseReceived(DefaultManagedHttpClientConnection.java:192)oggger - http-outgoing-0 << Expires: Sun, 25 May 2025 17:45:18 GMT
10:40:18.419 [main] DEBUG org.apache.hc.client5.http.impl.io.DefaultManagedHttpClientConnection.onResponseReceived(DefaultManagedHttpClientConnection.java:192)oggger - http-outgoing-0 << Source-Age: 32
10:40:18.423 [main] DEBUG org.apache.hc.client5.http.impl.classic.MainClientExec.execute(MainClientExec.java:138)oggger - ex-0000000001 connection can be kept alive for 3 MINUTES
10:40:18.437 [main] DEBUG org.apache.hc.client5.http.impl.Wire.wire(Wire.java:92)oggger - http-outgoing-0 << "[0x1f][0xffffff8b][0x8][0x0][0x0][0x0][0x0][0x0][0x0][0x3][0xffffffb5]X[0xffffffd1]n[0xffffffda]0[0x14]}[0xffffffe7]+,[0xffffffba]J [0x11][0xffffffb2][0x1][0xffffffeb][0xffffffaa]Jy[0xffffffa0][0x19]e[0xffffffd5][0xffffffa8]`[0xffffffd0]v[0xffffff9b][0xffffffe4][0x17][0xffffff93]8`)[0xffffff89]Q[0xffffff9c]@[0xffffffb7][0xffffffa9][0xfffffffb][0xfffffff6]9NB[0xffffffe3]$[0xc]H[0xffffffe0][0xffffffad][0xffffff8e][0xffffff8f][0xffffffef]97[0xffffffdc]s}[0xffffffd3][0xb][0xffffffa0]S[0xffffffc7]A[0xffffffae][0xffffffc9][0xffffff80][0xffffff89]|4G[0xc][0xffffffd7].[0xffffffc0][0xffffffe3][0xffffff92]0`[0x11][0x1b][0x3][0xffffff83][0xffffffba]>".[0x3][0xfffffffe]2\[0xffffffc4]P[0xffffff9f][0xffffff82]9[0x6][0xfffffff8][0x5][0x1b][0xffffff81][0xffffff8f]M@\[0xffffffb1][0xffffffcd][0xffffff96][0xffffffd8][0xffffffb6][0xffffffc3][0x5][0xfffffff5]L[0xffffffec][0xffffff85] [0x13][0xfffffffb][0xffffffd8][0xfffffff0][0xffffffc5][0xffffffe6][0x1a]{[0xffffff8c]P[0xffffffbe]g[0x1][0xffffffcc][0xffffffff]^x[0x18][0xffffffbb]`[0xffffffee][0xffffffd1][\r][0xffffffe3][0x1b][0xffffff9c][0xffffffb2][0xffffffa1]/=[0xffffffea][0xffffffe0][0x16][0xffffffb8]#[0x1e][0xffffffb6][0xffffffe8]K[0xb][0xffffff8c]W[0xffffffd8]C-00[0x17][0xfffffffc][0xffffffa9][0xffffffd8]%[0xffffff81][0xffffffd3][0xc][0xffffffe3][0xffffff9b][0xffffffc4][0xffffffb2][0xffffffb0][0xffffff87]][0x1f][0xffffffd0][0x10][0xffffffe3][0x13]w[0x1][0xffffffd8]/[0xffffffe6]c[0xffffff87][0xffffff81][0xffffffc6]w[0xffffffe2][0xffffff9a]<j[0xb][0xffffff8c][0xffffff88][0x1b][0xfffffff0]0[0xf][0xffffffc8][0x0][0xffffffe3]Y[0xffffffb3][0xffffffc6]9"[0xffffff8a]Z[0xffffff9c]F[0xffffffdb][0x10][0xffffffcb][0xfffffff6]&:[0xffffffd0]~[0xffffffff]A3[0x1c][0xffffffb3][0xffffffcd][0xffffffb3][0x2][0xffffffaa][0xe]6[0xe]1[0xffffffc4]+[0x11][0xffffffaf]a[0xffffffb3][0xffffffe4]|[0xffffffc0]E[0xe][0xffffffd6][0xffffffea][0xffffff97][0xffffff93][0xffffffe9]x8[0xffffffed]?[0xffffffdc][0xffffffdd][0xffffff8f][0x6][0xffffffb3][0x1b][0xffffffa8]Ax[0x9][0xffffffe1][0xffffff90][0xffffffd2][0xffffff85][0xffffff8d]![0xffffff8c]( [0xffffffec][0xffffffaf]V61[0xffffffb8]4[0xffffffea]B[0x18][0x13][0xfffffff1][0xffffffc8]u[0xffffffb0][0xffffffc0]>x[0xffffff8e][0xffffffdf][0xffffff85][0xffffffba]Fv[0xffffffb0][O[0xffffffa7][0xffffff84][0xffffff9e][0xffffffc6][0xffffff8f][0xffffffeb][0xffffffab][0xffffffe6]9Eu[0xf][0x14]5[0x1a][0xffffffeb][0xfffffffd]Q[0x7f]2[0xfffffff9][0xffffffdc][0x7f][0xffffffec][0xffffff9f]SOO[0xffffff9b][0xe][0xffffff86][0xffffffe0][0xffffffdb][0xffffffd3]`[0xfffffffa][0x13]|[0xfffffff9][0xffffffaa]?[0xffffffc1][0x19][0xffffffb5][0xfffffffc][\r][0xfffffff2]p[0xffffffc2][0x16][0xffffff93][0xffffffdd][0xffffff8e]n12D[0xffffffbc][0xffffffa4][0x16]w[0xffffffc6][0xfffffffc][0xffffffa8][0xffffffad][0xffffffe8][0xffffff86]c[0xffffffc2]z[0x16][0xffffffa9]*[0xffffffb1]I@c[0xffffff88]}[0xffffffe5][0xffffff9e][0x17][0x1a][0xffffffa8][0xffffffbf][0xfffffffb][0xffffff83][0xffffffdd][0xfffffff5]M:[0xffffffcd][0xffffffd7][0xc]e:[0xffffffbd]Tv[0xffffffcd]v[0xffffff9c][0xffffffda][0xffffffbd]k[0xffffffd1][0xfffffff6][0xffffffc4][0xffffffa3]f`[0xfffffff8][0xffffffcf]{$][0x1d].)W[0xe][0xffffffe7][0xffffffd4][0xfffffff5][0xffffffa9][0xffffff9c][0xffffffae]SH[0xffffffca]j[0xffffffb2]C[0xffffffbf][0xffffff87].V[0x3][0xffffffe6][0xffffffa9]s[0xffffffe2][0xffffffaa][0xb][0xffffffc1][0xffffffa1]D[0xfffffffb]@Qv[0xfffffffc][0xffffffee][0xfffffff1][0xffffffc1][0xffffff8e][0xffffffb6][0xb][0xffffff9f]=[0xffffffe0] C[0xfffffff0][0xffffffa4]T35J([0xffffffee]1m[0xffffffb4]Z[0xffffffa9]:[0xffffffef][0xffffff9d][0xffffffbc]I1[0xffffff95][0xffffffb7][0xffffffa0][0xfffffff1]L[0x6][0xffffffa4][0xffffffa3][0xfffffff3][0xffffffce][0x14]7[0xffffffbd]-[0xffffff91][0x15][0xffffffad]O[0xffffffd3][0xffffff9b][0x1e][0xffffffe8]ob[0xffffffdb](![0xffffff81]0[0xffffff89][0xffffffbe][0xffffffcf]k9[0x15][0xffffff95];[0xffffffd2][0xffffffe9][0xffffffa4]tS[0xffffffbe][0xffffffaf][0xffffffcb][0xffffffc6][0xffffff8f]I[0xffffffb2]d[0xfffffff5][0xffffffd0][0xfffffffa]z[0xffffffe0][0xffffff85][0x17]G[0xffffffb6][0xffffffac]s[0xffffffe1]{[0xffffff95][0xfffffffc][0x16]1[0xffffffff][0xfffffffd] [0xffffffa5]w[0xffffff90][0xffffffbf]rB[0xffffff8e][0xffffffe8]E[0xffffffb2][0xffffffc1][0xffffff8e][0xffffffd7][0xffffff90][0x13][0xffffff91]wT[0xffffffbc][0x3][0xffffff94][0xfffffff5].pGKar[0xffffffa0]B[0xffffffe7][0xffffffc4][0xffffffbf]O[0xffffff91]g[0xffffffd2][0xffffffb1][0xffffffb8]M[0xffffffc2]Y`[0x1b][0x13][0xfffffff3]E5[0xffffff83][0xffffffc8][0xffffffa5]I[0xc][0xffffff8f]2^C[0x10][0xffffff86]4[0xffffff99][0xffffffdb][0xffffffc9]a[0xffffff82]n_[0xffffff99][0xffffffca][0xffffff9a][0xffffffca][0xffffffd8][0xffffffe5][0xffffff8c]r[0xffffffba];[0xffffffaf][0xffffffca]72[0xffffffc1][0xfffffff5][0xffffffbf][0xffffffbb]R[0xe]Y[0xffffffd2]&[0xffffffaf]Y[0xffffffc6]tr[0xffffffa9][0xffffffdc][0xe][0xffffffb2][0xffffff8c][0xffffffac][0xffffffa8][0xffffffa4]_[0x12][0xffffffe3]V[0xffffff97]U[0xffffff93][0xffffff85][0xffffffe5]=[0xffffffe4]$[0x1c]J[0x8]([0xffffffb8][0xffffff96][0xffffffd2][0xffffffe7]:[0xffffffda]N[0xffffffb8][0xffffff8c]/t[0xffffffd6]6[0x1d][0xffffffe1][0xffffff9c]"[0xffffff83][0xffffffc9][0x8] ]Jb[0x0][0xffffffdf][0xffffffb2][0xffffff88]Q[0xfffffffb]x[0xffffffbf][0x15][0xffffffcd][0xffffff81][0xfffffffc][0xffffff8d]-<[0xffffffe4]0[0x8][0x5][0x5][0xffffff84]Q[0xffffffec]}[0xffffffd5][0xffffff9c]QP[0xffffffc5]][0xffffffa7]QPe[0x16][0xffffff8e]ym[0x14][0xffffffb8][0x6][0xffffffc7][0x1e]K[0xffffffdd][0xffffffab][0xffffff90]|E[0xffffffea][0xffffffd2]7R[0xffffffc4]+[0xffffffd1][0x1e]d[0xfffffff0][0xc][0xffffffff][0x11][0xffffffa3][0xffffffb0]<[0xffffff9d][0xffffff9f][0xffffff88][0xffffffbf][0xfffffff4][0xffffffc8][0xffffffbb]-[0xffffffba]H[0xffffffc8][[0xffffffc9][0xffffff95]Qq][0xfffffff6]-[0xffffff94]S[0xffffff91][0xffffff91][0xffffff91][0xffffffef]j[0xffffffe2]yA3[0xffffff93][0xfffffff0][0x1d]-[0xb][0xffffffcb][0xffffffe0][\n]"
